{"C:\\Users\\Hugo\\Desktop\\CUARTO_CURSO_INGENIERIA\\TFG\\proyecto\\tfg\\backend\\controllers\\cloudinaryController.ts": {"path":"C:\\Users\\Hugo\\Desktop\\CUARTO_CURSO_INGENIERIA\\TFG\\proyecto\\tfg\\backend\\controllers\\cloudinaryController.ts","statementMap":{"0":{"start":{"line":3,"column":17},"end":{"line":3,"column":38}},"1":{"start":{"line":5,"column":0},"end":{"line":5,"column":27}},"2":{"start":{"line":7,"column":0},"end":{"line":11,"column":3}},"3":{"start":{"line":19,"column":28},"end":{"line":27,"column":null}},"4":{"start":{"line":19,"column":85},"end":{"line":27,"column":null}},"5":{"start":{"line":20,"column":2},"end":{"line":26,"column":null}},"6":{"start":{"line":21,"column":19},"end":{"line":21,"column":36}},"7":{"start":{"line":22,"column":4},"end":{"line":22,"column":63}},"8":{"start":{"line":23,"column":4},"end":{"line":23,"column":43}},"9":{"start":{"line":25,"column":4},"end":{"line":25,"column":39}},"10":{"start":{"line":19,"column":13},"end":{"line":19,"column":28}},"11":{"start":{"line":35,"column":33},"end":{"line":43,"column":null}},"12":{"start":{"line":35,"column":90},"end":{"line":43,"column":null}},"13":{"start":{"line":36,"column":2},"end":{"line":42,"column":null}},"14":{"start":{"line":37,"column":18},"end":{"line":37,"column":34}},"15":{"start":{"line":38,"column":4},"end":{"line":38,"column":67}},"16":{"start":{"line":39,"column":4},"end":{"line":39,"column":43}},"17":{"start":{"line":41,"column":4},"end":{"line":41,"column":39}},"18":{"start":{"line":35,"column":13},"end":{"line":35,"column":33}},"19":{"start":{"line":51,"column":35},"end":{"line":63,"column":null}},"20":{"start":{"line":51,"column":92},"end":{"line":63,"column":null}},"21":{"start":{"line":52,"column":2},"end":{"line":62,"column":null}},"22":{"start":{"line":53,"column":19},"end":{"line":53,"column":47}},"23":{"start":{"line":54,"column":31},"end":{"line":54,"column":33}},"24":{"start":{"line":55,"column":4},"end":{"line":55,"column":null}},"25":{"start":{"line":55,"column":33},"end":{"line":55,"column":72}},"26":{"start":{"line":56,"column":4},"end":{"line":58,"column":null}},"27":{"start":{"line":56,"column":40},"end":{"line":58,"column":6}},"28":{"start":{"line":57,"column":6},"end":{"line":57,"column":47}},"29":{"start":{"line":59,"column":4},"end":{"line":59,"column":43}},"30":{"start":{"line":61,"column":4},"end":{"line":61,"column":39}},"31":{"start":{"line":51,"column":13},"end":{"line":51,"column":35}}},"fnMap":{"0":{"name":"(anonymous_7)","decl":{"start":{"line":19,"column":28},"end":{"line":19,"column":35}},"loc":{"start":{"line":19,"column":85},"end":{"line":27,"column":null}}},"1":{"name":"(anonymous_8)","decl":{"start":{"line":19,"column":85},"end":{"line":19,"column":null}},"loc":{"start":{"line":19,"column":85},"end":{"line":27,"column":1}}},"2":{"name":"(anonymous_9)","decl":{"start":{"line":35,"column":33},"end":{"line":35,"column":40}},"loc":{"start":{"line":35,"column":90},"end":{"line":43,"column":null}}},"3":{"name":"(anonymous_10)","decl":{"start":{"line":35,"column":90},"end":{"line":35,"column":null}},"loc":{"start":{"line":35,"column":90},"end":{"line":43,"column":1}}},"4":{"name":"(anonymous_11)","decl":{"start":{"line":51,"column":35},"end":{"line":51,"column":42}},"loc":{"start":{"line":51,"column":92},"end":{"line":63,"column":null}}},"5":{"name":"(anonymous_12)","decl":{"start":{"line":51,"column":92},"end":{"line":51,"column":null}},"loc":{"start":{"line":51,"column":92},"end":{"line":63,"column":1}}},"6":{"name":"(anonymous_13)","decl":{"start":{"line":55,"column":15},"end":{"line":55,"column":16}},"loc":{"start":{"line":55,"column":30},"end":{"line":55,"column":73}}},"7":{"name":"(anonymous_14)","decl":{"start":{"line":56,"column":19},"end":{"line":56,"column":26}},"loc":{"start":{"line":56,"column":40},"end":{"line":58,"column":6}}},"8":{"name":"(anonymous_15)","decl":{"start":{"line":56,"column":40},"end":{"line":56,"column":null}},"loc":{"start":{"line":56,"column":40},"end":{"line":58,"column":5}}}},"branchMap":{},"s":{"0":1,"1":1,"2":1,"3":1,"4":0,"5":0,"6":0,"7":0,"8":0,"9":0,"10":1,"11":1,"12":0,"13":0,"14":0,"15":0,"16":0,"17":0,"18":1,"19":1,"20":0,"21":0,"22":0,"23":0,"24":0,"25":0,"26":0,"27":0,"28":0,"29":0,"30":0,"31":1},"f":{"0":0,"1":0,"2":0,"3":0,"4":0,"5":0,"6":0,"7":0,"8":0},"b":{}}
,"C:\\Users\\Hugo\\Desktop\\CUARTO_CURSO_INGENIERIA\\TFG\\proyecto\\tfg\\backend\\controllers\\comentarioController.ts": {"path":"C:\\Users\\Hugo\\Desktop\\CUARTO_CURSO_INGENIERIA\\TFG\\proyecto\\tfg\\backend\\controllers\\comentarioController.ts","statementMap":{"0":{"start":{"line":3,"column":24},"end":{"line":3,"column":61}},"1":{"start":{"line":11,"column":34},"end":{"line":21,"column":null}},"2":{"start":{"line":11,"column":91},"end":{"line":21,"column":null}},"3":{"start":{"line":12,"column":4},"end":{"line":20,"column":null}},"4":{"start":{"line":13,"column":53},"end":{"line":13,"column":61}},"5":{"start":{"line":14,"column":20},"end":{"line":14,"column":114}},"6":{"start":{"line":15,"column":34},"end":{"line":15,"column":100}},"7":{"start":{"line":16,"column":6},"end":{"line":16,"column":33}},"8":{"start":{"line":17,"column":6},"end":{"line":17,"column":53}},"9":{"start":{"line":19,"column":6},"end":{"line":19,"column":54}},"10":{"start":{"line":11,"column":13},"end":{"line":11,"column":34}},"11":{"start":{"line":29,"column":43},"end":{"line":39,"column":null}},"12":{"start":{"line":29,"column":100},"end":{"line":39,"column":null}},"13":{"start":{"line":30,"column":2},"end":{"line":38,"column":null}},"14":{"start":{"line":31,"column":79},"end":{"line":31,"column":87}},"15":{"start":{"line":32,"column":18},"end":{"line":32,"column":112}},"16":{"start":{"line":33,"column":32},"end":{"line":33,"column":126}},"17":{"start":{"line":34,"column":4},"end":{"line":34,"column":31}},"18":{"start":{"line":35,"column":4},"end":{"line":35,"column":51}},"19":{"start":{"line":37,"column":4},"end":{"line":37,"column":52}},"20":{"start":{"line":29,"column":13},"end":{"line":29,"column":43}},"21":{"start":{"line":47,"column":30},"end":{"line":55,"column":null}},"22":{"start":{"line":47,"column":87},"end":{"line":55,"column":null}},"23":{"start":{"line":48,"column":2},"end":{"line":54,"column":null}},"24":{"start":{"line":49,"column":27},"end":{"line":49,"column":43}},"25":{"start":{"line":50,"column":24},"end":{"line":50,"column":140}},"26":{"start":{"line":51,"column":4},"end":{"line":51,"column":62}},"27":{"start":{"line":53,"column":4},"end":{"line":53,"column":39}},"28":{"start":{"line":47,"column":13},"end":{"line":47,"column":30}},"29":{"start":{"line":63,"column":38},"end":{"line":71,"column":null}},"30":{"start":{"line":63,"column":95},"end":{"line":71,"column":null}},"31":{"start":{"line":64,"column":2},"end":{"line":70,"column":null}},"32":{"start":{"line":65,"column":23},"end":{"line":65,"column":39}},"33":{"start":{"line":66,"column":24},"end":{"line":66,"column":94}},"34":{"start":{"line":67,"column":4},"end":{"line":67,"column":62}},"35":{"start":{"line":69,"column":4},"end":{"line":69,"column":39}},"36":{"start":{"line":63,"column":13},"end":{"line":63,"column":38}},"37":{"start":{"line":79,"column":46},"end":{"line":87,"column":null}},"38":{"start":{"line":79,"column":103},"end":{"line":87,"column":null}},"39":{"start":{"line":80,"column":2},"end":{"line":86,"column":null}},"40":{"start":{"line":81,"column":27},"end":{"line":81,"column":43}},"41":{"start":{"line":82,"column":4},"end":{"line":82,"column":71}},"42":{"start":{"line":83,"column":4},"end":{"line":83,"column":34}},"43":{"start":{"line":85,"column":4},"end":{"line":85,"column":39}},"44":{"start":{"line":79,"column":13},"end":{"line":79,"column":46}},"45":{"start":{"line":95,"column":42},"end":{"line":107,"column":null}},"46":{"start":{"line":95,"column":99},"end":{"line":107,"column":null}},"47":{"start":{"line":96,"column":2},"end":{"line":106,"column":null}},"48":{"start":{"line":97,"column":23},"end":{"line":97,"column":38}},"49":{"start":{"line":98,"column":24},"end":{"line":98,"column":79}},"50":{"start":{"line":99,"column":4},"end":{"line":99,"column":66}},"51":{"start":{"line":100,"column":35},"end":{"line":100,"column":37}},"52":{"start":{"line":101,"column":4},"end":{"line":101,"column":null}},"53":{"start":{"line":101,"column":40},"end":{"line":101,"column":75}},"54":{"start":{"line":102,"column":4},"end":{"line":102,"column":74}},"55":{"start":{"line":103,"column":4},"end":{"line":103,"column":49}},"56":{"start":{"line":105,"column":4},"end":{"line":105,"column":39}},"57":{"start":{"line":95,"column":13},"end":{"line":95,"column":42}},"58":{"start":{"line":115,"column":34},"end":{"line":124,"column":null}},"59":{"start":{"line":115,"column":91},"end":{"line":124,"column":null}},"60":{"start":{"line":116,"column":2},"end":{"line":123,"column":null}},"61":{"start":{"line":117,"column":19},"end":{"line":117,"column":33}},"62":{"start":{"line":118,"column":4},"end":{"line":118,"column":51}},"63":{"start":{"line":119,"column":4},"end":{"line":119,"column":59}},"64":{"start":{"line":120,"column":4},"end":{"line":120,"column":49}},"65":{"start":{"line":122,"column":4},"end":{"line":122,"column":39}},"66":{"start":{"line":115,"column":13},"end":{"line":115,"column":34}}},"fnMap":{"0":{"name":"(anonymous_7)","decl":{"start":{"line":11,"column":34},"end":{"line":11,"column":41}},"loc":{"start":{"line":11,"column":91},"end":{"line":21,"column":null}}},"1":{"name":"(anonymous_8)","decl":{"start":{"line":11,"column":91},"end":{"line":11,"column":null}},"loc":{"start":{"line":11,"column":91},"end":{"line":21,"column":1}}},"2":{"name":"(anonymous_9)","decl":{"start":{"line":29,"column":43},"end":{"line":29,"column":50}},"loc":{"start":{"line":29,"column":100},"end":{"line":39,"column":null}}},"3":{"name":"(anonymous_10)","decl":{"start":{"line":29,"column":100},"end":{"line":29,"column":null}},"loc":{"start":{"line":29,"column":100},"end":{"line":39,"column":1}}},"4":{"name":"(anonymous_11)","decl":{"start":{"line":47,"column":30},"end":{"line":47,"column":37}},"loc":{"start":{"line":47,"column":87},"end":{"line":55,"column":null}}},"5":{"name":"(anonymous_12)","decl":{"start":{"line":47,"column":87},"end":{"line":47,"column":null}},"loc":{"start":{"line":47,"column":87},"end":{"line":55,"column":1}}},"6":{"name":"(anonymous_13)","decl":{"start":{"line":63,"column":38},"end":{"line":63,"column":45}},"loc":{"start":{"line":63,"column":95},"end":{"line":71,"column":null}}},"7":{"name":"(anonymous_14)","decl":{"start":{"line":63,"column":95},"end":{"line":63,"column":null}},"loc":{"start":{"line":63,"column":95},"end":{"line":71,"column":1}}},"8":{"name":"(anonymous_15)","decl":{"start":{"line":79,"column":46},"end":{"line":79,"column":53}},"loc":{"start":{"line":79,"column":103},"end":{"line":87,"column":null}}},"9":{"name":"(anonymous_16)","decl":{"start":{"line":79,"column":103},"end":{"line":79,"column":null}},"loc":{"start":{"line":79,"column":103},"end":{"line":87,"column":1}}},"10":{"name":"(anonymous_17)","decl":{"start":{"line":95,"column":42},"end":{"line":95,"column":49}},"loc":{"start":{"line":95,"column":99},"end":{"line":107,"column":null}}},"11":{"name":"(anonymous_18)","decl":{"start":{"line":95,"column":99},"end":{"line":95,"column":null}},"loc":{"start":{"line":95,"column":99},"end":{"line":107,"column":1}}},"12":{"name":"(anonymous_19)","decl":{"start":{"line":101,"column":20},"end":{"line":101,"column":21}},"loc":{"start":{"line":101,"column":40},"end":{"line":101,"column":75}}},"13":{"name":"(anonymous_20)","decl":{"start":{"line":115,"column":34},"end":{"line":115,"column":41}},"loc":{"start":{"line":115,"column":91},"end":{"line":124,"column":null}}},"14":{"name":"(anonymous_21)","decl":{"start":{"line":115,"column":91},"end":{"line":115,"column":null}},"loc":{"start":{"line":115,"column":91},"end":{"line":124,"column":1}}}},"branchMap":{},"s":{"0":1,"1":1,"2":2,"3":2,"4":2,"5":2,"6":2,"7":2,"8":2,"9":0,"10":1,"11":1,"12":1,"13":1,"14":1,"15":1,"16":1,"17":1,"18":1,"19":0,"20":1,"21":1,"22":4,"23":4,"24":4,"25":4,"26":4,"27":0,"28":1,"29":1,"30":1,"31":1,"32":1,"33":1,"34":1,"35":0,"36":1,"37":1,"38":1,"39":1,"40":1,"41":1,"42":1,"43":0,"44":1,"45":1,"46":1,"47":1,"48":1,"49":1,"50":1,"51":1,"52":1,"53":1,"54":1,"55":1,"56":0,"57":1,"58":1,"59":0,"60":0,"61":0,"62":0,"63":0,"64":0,"65":0,"66":1},"f":{"0":2,"1":2,"2":1,"3":1,"4":4,"5":4,"6":1,"7":1,"8":1,"9":1,"10":1,"11":1,"12":1,"13":0,"14":0},"b":{}}
,"C:\\Users\\Hugo\\Desktop\\CUARTO_CURSO_INGENIERIA\\TFG\\proyecto\\tfg\\backend\\controllers\\publicacionController.ts": {"path":"C:\\Users\\Hugo\\Desktop\\CUARTO_CURSO_INGENIERIA\\TFG\\proyecto\\tfg\\backend\\controllers\\publicacionController.ts","statementMap":{"0":{"start":{"line":3,"column":25},"end":{"line":3,"column":62}},"1":{"start":{"line":5,"column":24},"end":{"line":5,"column":61}},"2":{"start":{"line":13,"column":32},"end":{"line":33,"column":null}},"3":{"start":{"line":13,"column":89},"end":{"line":33,"column":null}},"4":{"start":{"line":14,"column":4},"end":{"line":32,"column":null}},"5":{"start":{"line":15,"column":25},"end":{"line":15,"column":41}},"6":{"start":{"line":16,"column":20},"end":{"line":16,"column":36}},"7":{"start":{"line":18,"column":6},"end":{"line":22,"column":null}},"8":{"start":{"line":19,"column":8},"end":{"line":19,"column":96}},"9":{"start":{"line":21,"column":8},"end":{"line":21,"column":null}},"10":{"start":{"line":23,"column":6},"end":{"line":28,"column":null}},"11":{"start":{"line":24,"column":8},"end":{"line":24,"column":59}},"12":{"start":{"line":27,"column":8},"end":{"line":27,"column":70}},"13":{"start":{"line":30,"column":6},"end":{"line":30,"column":null}},"14":{"start":{"line":31,"column":6},"end":{"line":31,"column":41}},"15":{"start":{"line":13,"column":13},"end":{"line":13,"column":32}},"16":{"start":{"line":41,"column":38},"end":{"line":60,"column":null}},"17":{"start":{"line":41,"column":95},"end":{"line":60,"column":null}},"18":{"start":{"line":42,"column":2},"end":{"line":59,"column":null}},"19":{"start":{"line":43,"column":23},"end":{"line":43,"column":39}},"20":{"start":{"line":44,"column":17},"end":{"line":44,"column":32}},"21":{"start":{"line":45,"column":18},"end":{"line":45,"column":34}},"22":{"start":{"line":47,"column":4},"end":{"line":50,"column":null}},"23":{"start":{"line":48,"column":6},"end":{"line":48,"column":117}},"24":{"start":{"line":50,"column":6},"end":{"line":50,"column":null}},"25":{"start":{"line":51,"column":4},"end":{"line":56,"column":null}},"26":{"start":{"line":52,"column":6},"end":{"line":52,"column":57}},"27":{"start":{"line":55,"column":6},"end":{"line":55,"column":68}},"28":{"start":{"line":58,"column":4},"end":{"line":58,"column":39}},"29":{"start":{"line":41,"column":13},"end":{"line":41,"column":38}},"30":{"start":{"line":68,"column":30},"end":{"line":76,"column":null}},"31":{"start":{"line":68,"column":87},"end":{"line":76,"column":null}},"32":{"start":{"line":69,"column":2},"end":{"line":75,"column":null}},"33":{"start":{"line":70,"column":27},"end":{"line":70,"column":43}},"34":{"start":{"line":71,"column":24},"end":{"line":71,"column":77}},"35":{"start":{"line":72,"column":4},"end":{"line":72,"column":62}},"36":{"start":{"line":74,"column":4},"end":{"line":74,"column":39}},"37":{"start":{"line":68,"column":13},"end":{"line":68,"column":30}},"38":{"start":{"line":84,"column":35},"end":{"line":95,"column":null}},"39":{"start":{"line":84,"column":92},"end":{"line":95,"column":null}},"40":{"start":{"line":85,"column":2},"end":{"line":94,"column":null}},"41":{"start":{"line":86,"column":68},"end":{"line":86,"column":76}},"42":{"start":{"line":87,"column":18},"end":{"line":87,"column":112}},"43":{"start":{"line":88,"column":28},"end":{"line":88,"column":30}},"44":{"start":{"line":89,"column":33},"end":{"line":89,"column":124}},"45":{"start":{"line":90,"column":4},"end":{"line":90,"column":32}},"46":{"start":{"line":91,"column":4},"end":{"line":91,"column":61}},"47":{"start":{"line":93,"column":4},"end":{"line":93,"column":39}},"48":{"start":{"line":84,"column":13},"end":{"line":84,"column":35}},"49":{"start":{"line":103,"column":31},"end":{"line":119,"column":null}},"50":{"start":{"line":103,"column":88},"end":{"line":119,"column":null}},"51":{"start":{"line":104,"column":2},"end":{"line":118,"column":null}},"52":{"start":{"line":105,"column":19},"end":{"line":105,"column":42}},"53":{"start":{"line":106,"column":32},"end":{"line":106,"column":77}},"54":{"start":{"line":107,"column":4},"end":{"line":107,"column":47}},"55":{"start":{"line":108,"column":4},"end":{"line":114,"column":null}},"56":{"start":{"line":109,"column":6},"end":{"line":109,"column":72}},"57":{"start":{"line":112,"column":6},"end":{"line":112,"column":null}},"58":{"start":{"line":113,"column":6},"end":{"line":113,"column":56}},"59":{"start":{"line":117,"column":4},"end":{"line":117,"column":39}},"60":{"start":{"line":103,"column":13},"end":{"line":103,"column":31}},"61":{"start":{"line":127,"column":35},"end":{"line":145,"column":null}},"62":{"start":{"line":127,"column":92},"end":{"line":145,"column":null}},"63":{"start":{"line":128,"column":2},"end":{"line":144,"column":null}},"64":{"start":{"line":129,"column":19},"end":{"line":129,"column":34}},"65":{"start":{"line":130,"column":19},"end":{"line":130,"column":33}},"66":{"start":{"line":131,"column":32},"end":{"line":131,"column":77}},"67":{"start":{"line":132,"column":4},"end":{"line":133,"column":36}},"68":{"start":{"line":133,"column":6},"end":{"line":133,"column":36}},"69":{"start":{"line":134,"column":20},"end":{"line":134,"column":87}},"70":{"start":{"line":135,"column":4},"end":{"line":135,"column":63}},"71":{"start":{"line":136,"column":4},"end":{"line":141,"column":null}},"72":{"start":{"line":137,"column":6},"end":{"line":137,"column":53}},"73":{"start":{"line":140,"column":6},"end":{"line":140,"column":54}},"74":{"start":{"line":143,"column":4},"end":{"line":143,"column":39}},"75":{"start":{"line":127,"column":13},"end":{"line":127,"column":35}},"76":{"start":{"line":153,"column":44},"end":{"line":161,"column":null}},"77":{"start":{"line":153,"column":101},"end":{"line":161,"column":null}},"78":{"start":{"line":154,"column":2},"end":{"line":160,"column":null}},"79":{"start":{"line":155,"column":19},"end":{"line":155,"column":34}},"80":{"start":{"line":156,"column":4},"end":{"line":156,"column":60}},"81":{"start":{"line":157,"column":4},"end":{"line":157,"column":51}},"82":{"start":{"line":159,"column":4},"end":{"line":159,"column":39}},"83":{"start":{"line":153,"column":13},"end":{"line":153,"column":44}},"84":{"start":{"line":169,"column":33},"end":{"line":185,"column":null}},"85":{"start":{"line":169,"column":90},"end":{"line":185,"column":null}},"86":{"start":{"line":170,"column":2},"end":{"line":184,"column":null}},"87":{"start":{"line":171,"column":27},"end":{"line":171,"column":43}},"88":{"start":{"line":172,"column":24},"end":{"line":172,"column":32}},"89":{"start":{"line":173,"column":32},"end":{"line":173,"column":85}},"90":{"start":{"line":174,"column":4},"end":{"line":180,"column":null}},"91":{"start":{"line":175,"column":6},"end":{"line":175,"column":56}},"92":{"start":{"line":178,"column":6},"end":{"line":178,"column":null}},"93":{"start":{"line":179,"column":6},"end":{"line":179,"column":55}},"94":{"start":{"line":183,"column":4},"end":{"line":183,"column":39}},"95":{"start":{"line":169,"column":13},"end":{"line":169,"column":33}},"96":{"start":{"line":193,"column":41},"end":{"line":209,"column":null}},"97":{"start":{"line":193,"column":98},"end":{"line":209,"column":null}},"98":{"start":{"line":194,"column":2},"end":{"line":208,"column":null}},"99":{"start":{"line":196,"column":17},"end":{"line":196,"column":32}},"100":{"start":{"line":198,"column":26},"end":{"line":198,"column":94}},"101":{"start":{"line":199,"column":4},"end":{"line":204,"column":null}},"102":{"start":{"line":200,"column":6},"end":{"line":200,"column":57}},"103":{"start":{"line":203,"column":6},"end":{"line":203,"column":68}},"104":{"start":{"line":206,"column":4},"end":{"line":206,"column":null}},"105":{"start":{"line":207,"column":4},"end":{"line":207,"column":39}},"106":{"start":{"line":193,"column":13},"end":{"line":193,"column":41}}},"fnMap":{"0":{"name":"(anonymous_7)","decl":{"start":{"line":13,"column":32},"end":{"line":13,"column":39}},"loc":{"start":{"line":13,"column":89},"end":{"line":33,"column":null}}},"1":{"name":"(anonymous_8)","decl":{"start":{"line":13,"column":89},"end":{"line":13,"column":null}},"loc":{"start":{"line":13,"column":89},"end":{"line":33,"column":1}}},"2":{"name":"(anonymous_9)","decl":{"start":{"line":41,"column":38},"end":{"line":41,"column":45}},"loc":{"start":{"line":41,"column":95},"end":{"line":60,"column":null}}},"3":{"name":"(anonymous_10)","decl":{"start":{"line":41,"column":95},"end":{"line":41,"column":null}},"loc":{"start":{"line":41,"column":95},"end":{"line":60,"column":1}}},"4":{"name":"(anonymous_11)","decl":{"start":{"line":68,"column":30},"end":{"line":68,"column":37}},"loc":{"start":{"line":68,"column":87},"end":{"line":76,"column":null}}},"5":{"name":"(anonymous_12)","decl":{"start":{"line":68,"column":87},"end":{"line":68,"column":null}},"loc":{"start":{"line":68,"column":87},"end":{"line":76,"column":1}}},"6":{"name":"(anonymous_13)","decl":{"start":{"line":84,"column":35},"end":{"line":84,"column":42}},"loc":{"start":{"line":84,"column":92},"end":{"line":95,"column":null}}},"7":{"name":"(anonymous_14)","decl":{"start":{"line":84,"column":92},"end":{"line":84,"column":null}},"loc":{"start":{"line":84,"column":92},"end":{"line":95,"column":1}}},"8":{"name":"(anonymous_15)","decl":{"start":{"line":103,"column":31},"end":{"line":103,"column":38}},"loc":{"start":{"line":103,"column":88},"end":{"line":119,"column":null}}},"9":{"name":"(anonymous_16)","decl":{"start":{"line":103,"column":88},"end":{"line":103,"column":null}},"loc":{"start":{"line":103,"column":88},"end":{"line":119,"column":1}}},"10":{"name":"(anonymous_17)","decl":{"start":{"line":127,"column":35},"end":{"line":127,"column":42}},"loc":{"start":{"line":127,"column":92},"end":{"line":145,"column":null}}},"11":{"name":"(anonymous_18)","decl":{"start":{"line":127,"column":92},"end":{"line":127,"column":null}},"loc":{"start":{"line":127,"column":92},"end":{"line":145,"column":1}}},"12":{"name":"(anonymous_19)","decl":{"start":{"line":153,"column":44},"end":{"line":153,"column":51}},"loc":{"start":{"line":153,"column":101},"end":{"line":161,"column":null}}},"13":{"name":"(anonymous_20)","decl":{"start":{"line":153,"column":101},"end":{"line":153,"column":null}},"loc":{"start":{"line":153,"column":101},"end":{"line":161,"column":1}}},"14":{"name":"(anonymous_21)","decl":{"start":{"line":169,"column":33},"end":{"line":169,"column":40}},"loc":{"start":{"line":169,"column":90},"end":{"line":185,"column":null}}},"15":{"name":"(anonymous_22)","decl":{"start":{"line":169,"column":90},"end":{"line":169,"column":null}},"loc":{"start":{"line":169,"column":90},"end":{"line":185,"column":1}}},"16":{"name":"(anonymous_23)","decl":{"start":{"line":193,"column":41},"end":{"line":193,"column":48}},"loc":{"start":{"line":193,"column":98},"end":{"line":209,"column":null}}},"17":{"name":"(anonymous_24)","decl":{"start":{"line":193,"column":98},"end":{"line":193,"column":null}},"loc":{"start":{"line":193,"column":98},"end":{"line":209,"column":1}}}},"branchMap":{"0":{"loc":{"start":{"line":18,"column":6},"end":{"line":22,"column":null}},"type":"if","locations":[{"start":{"line":18,"column":6},"end":{"line":22,"column":null}},{"start":{"line":20,"column":10},"end":{"line":22,"column":null}}]},"1":{"loc":{"start":{"line":23,"column":6},"end":{"line":28,"column":null}},"type":"if","locations":[{"start":{"line":23,"column":6},"end":{"line":28,"column":null}},{"start":{"line":26,"column":10},"end":{"line":28,"column":null}}]},"2":{"loc":{"start":{"line":47,"column":4},"end":{"line":50,"column":null}},"type":"if","locations":[{"start":{"line":47,"column":4},"end":{"line":50,"column":null}},{"start":{"line":50,"column":6},"end":{"line":50,"column":null}}]},"3":{"loc":{"start":{"line":51,"column":4},"end":{"line":56,"column":null}},"type":"if","locations":[{"start":{"line":51,"column":4},"end":{"line":56,"column":null}},{"start":{"line":54,"column":8},"end":{"line":56,"column":null}}]},"4":{"loc":{"start":{"line":108,"column":4},"end":{"line":114,"column":null}},"type":"if","locations":[{"start":{"line":108,"column":4},"end":{"line":114,"column":null}},{"start":{"line":111,"column":8},"end":{"line":114,"column":null}}]},"5":{"loc":{"start":{"line":132,"column":4},"end":{"line":133,"column":36}},"type":"if","locations":[{"start":{"line":132,"column":4},"end":{"line":133,"column":36}}]},"6":{"loc":{"start":{"line":136,"column":4},"end":{"line":141,"column":null}},"type":"if","locations":[{"start":{"line":136,"column":4},"end":{"line":141,"column":null}},{"start":{"line":139,"column":8},"end":{"line":141,"column":null}}]},"7":{"loc":{"start":{"line":174,"column":4},"end":{"line":180,"column":null}},"type":"if","locations":[{"start":{"line":174,"column":4},"end":{"line":180,"column":null}},{"start":{"line":177,"column":8},"end":{"line":180,"column":null}}]},"8":{"loc":{"start":{"line":199,"column":4},"end":{"line":204,"column":null}},"type":"if","locations":[{"start":{"line":199,"column":4},"end":{"line":204,"column":null}},{"start":{"line":202,"column":8},"end":{"line":204,"column":null}}]}},"s":{"0":1,"1":1,"2":1,"3":7,"4":7,"5":7,"6":7,"7":7,"8":6,"9":1,"10":7,"11":0,"12":7,"13":0,"14":0,"15":1,"16":1,"17":2,"18":2,"19":2,"20":2,"21":2,"22":2,"23":1,"24":1,"25":2,"26":0,"27":2,"28":0,"29":1,"30":1,"31":1,"32":1,"33":1,"34":1,"35":1,"36":0,"37":1,"38":1,"39":2,"40":2,"41":2,"42":2,"43":2,"44":2,"45":2,"46":2,"47":0,"48":1,"49":1,"50":0,"51":0,"52":0,"53":0,"54":0,"55":0,"56":0,"57":0,"58":0,"59":0,"60":1,"61":1,"62":1,"63":1,"64":1,"65":1,"66":1,"67":1,"68":0,"69":1,"70":1,"71":1,"72":1,"73":0,"74":0,"75":1,"76":1,"77":1,"78":1,"79":1,"80":1,"81":1,"82":0,"83":1,"84":1,"85":1,"86":1,"87":1,"88":1,"89":1,"90":1,"91":0,"92":1,"93":1,"94":0,"95":1,"96":1,"97":1,"98":1,"99":1,"100":1,"101":1,"102":0,"103":1,"104":0,"105":0,"106":1},"f":{"0":7,"1":7,"2":2,"3":2,"4":1,"5":1,"6":2,"7":2,"8":0,"9":0,"10":1,"11":1,"12":1,"13":1,"14":1,"15":1,"16":1,"17":1},"b":{"0":[6,1],"1":[0,7],"2":[1,1],"3":[0,2],"4":[0,0],"5":[0],"6":[1,0],"7":[0,1],"8":[0,1]}}
,"C:\\Users\\Hugo\\Desktop\\CUARTO_CURSO_INGENIERIA\\TFG\\proyecto\\tfg\\backend\\controllers\\seguidorController.ts": {"path":"C:\\Users\\Hugo\\Desktop\\CUARTO_CURSO_INGENIERIA\\TFG\\proyecto\\tfg\\backend\\controllers\\seguidorController.ts","statementMap":{"0":{"start":{"line":3,"column":22},"end":{"line":3,"column":58}},"1":{"start":{"line":11,"column":29},"end":{"line":24,"column":null}},"2":{"start":{"line":11,"column":86},"end":{"line":24,"column":null}},"3":{"start":{"line":12,"column":4},"end":{"line":23,"column":null}},"4":{"start":{"line":13,"column":25},"end":{"line":13,"column":41}},"5":{"start":{"line":14,"column":25},"end":{"line":14,"column":75}},"6":{"start":{"line":15,"column":6},"end":{"line":20,"column":null}},"7":{"start":{"line":16,"column":8},"end":{"line":16,"column":56}},"8":{"start":{"line":19,"column":8},"end":{"line":19,"column":64}},"9":{"start":{"line":22,"column":6},"end":{"line":22,"column":41}},"10":{"start":{"line":11,"column":13},"end":{"line":11,"column":29}},"11":{"start":{"line":32,"column":26},"end":{"line":46,"column":null}},"12":{"start":{"line":32,"column":83},"end":{"line":46,"column":null}},"13":{"start":{"line":33,"column":2},"end":{"line":45,"column":null}},"14":{"start":{"line":34,"column":23},"end":{"line":34,"column":39}},"15":{"start":{"line":35,"column":24},"end":{"line":35,"column":40}},"16":{"start":{"line":36,"column":23},"end":{"line":36,"column":102}},"17":{"start":{"line":37,"column":4},"end":{"line":42,"column":null}},"18":{"start":{"line":38,"column":6},"end":{"line":38,"column":57}},"19":{"start":{"line":41,"column":6},"end":{"line":41,"column":56}},"20":{"start":{"line":44,"column":4},"end":{"line":44,"column":39}},"21":{"start":{"line":32,"column":13},"end":{"line":32,"column":26}},"22":{"start":{"line":54,"column":22},"end":{"line":65,"column":null}},"23":{"start":{"line":54,"column":79},"end":{"line":65,"column":null}},"24":{"start":{"line":55,"column":2},"end":{"line":64,"column":null}},"25":{"start":{"line":56,"column":23},"end":{"line":56,"column":38}},"26":{"start":{"line":57,"column":24},"end":{"line":57,"column":38}},"27":{"start":{"line":58,"column":18},"end":{"line":58,"column":112}},"28":{"start":{"line":59,"column":30},"end":{"line":59,"column":81}},"29":{"start":{"line":60,"column":4},"end":{"line":60,"column":29}},"30":{"start":{"line":61,"column":4},"end":{"line":61,"column":50}},"31":{"start":{"line":63,"column":4},"end":{"line":63,"column":39}},"32":{"start":{"line":54,"column":13},"end":{"line":54,"column":22}},"33":{"start":{"line":73,"column":29},"end":{"line":87,"column":null}},"34":{"start":{"line":73,"column":86},"end":{"line":87,"column":null}},"35":{"start":{"line":74,"column":2},"end":{"line":86,"column":null}},"36":{"start":{"line":75,"column":23},"end":{"line":75,"column":38}},"37":{"start":{"line":76,"column":24},"end":{"line":76,"column":38}},"38":{"start":{"line":77,"column":20},"end":{"line":77,"column":101}},"39":{"start":{"line":78,"column":4},"end":{"line":83,"column":null}},"40":{"start":{"line":79,"column":6},"end":{"line":79,"column":53}},"41":{"start":{"line":82,"column":6},"end":{"line":82,"column":54}},"42":{"start":{"line":85,"column":4},"end":{"line":85,"column":39}},"43":{"start":{"line":73,"column":13},"end":{"line":73,"column":29}},"44":{"start":{"line":95,"column":33},"end":{"line":107,"column":null}},"45":{"start":{"line":95,"column":90},"end":{"line":107,"column":null}},"46":{"start":{"line":96,"column":2},"end":{"line":106,"column":null}},"47":{"start":{"line":97,"column":23},"end":{"line":97,"column":40}},"48":{"start":{"line":98,"column":18},"end":{"line":98,"column":69}},"49":{"start":{"line":99,"column":29},"end":{"line":99,"column":31}},"50":{"start":{"line":100,"column":4},"end":{"line":102,"column":null}},"51":{"start":{"line":101,"column":6},"end":{"line":101,"column":null}},"52":{"start":{"line":103,"column":4},"end":{"line":103,"column":59}},"53":{"start":{"line":105,"column":4},"end":{"line":105,"column":39}},"54":{"start":{"line":95,"column":13},"end":{"line":95,"column":33}},"55":{"start":{"line":115,"column":32},"end":{"line":127,"column":null}},"56":{"start":{"line":115,"column":89},"end":{"line":127,"column":null}},"57":{"start":{"line":116,"column":2},"end":{"line":126,"column":null}},"58":{"start":{"line":117,"column":23},"end":{"line":117,"column":40}},"59":{"start":{"line":118,"column":18},"end":{"line":118,"column":68}},"60":{"start":{"line":119,"column":29},"end":{"line":119,"column":31}},"61":{"start":{"line":120,"column":4},"end":{"line":122,"column":null}},"62":{"start":{"line":121,"column":6},"end":{"line":121,"column":null}},"63":{"start":{"line":123,"column":4},"end":{"line":123,"column":59}},"64":{"start":{"line":125,"column":4},"end":{"line":125,"column":39}},"65":{"start":{"line":115,"column":13},"end":{"line":115,"column":32}},"66":{"start":{"line":135,"column":36},"end":{"line":145,"column":null}},"67":{"start":{"line":135,"column":93},"end":{"line":145,"column":null}},"68":{"start":{"line":136,"column":2},"end":{"line":144,"column":null}},"69":{"start":{"line":137,"column":23},"end":{"line":137,"column":38}},"70":{"start":{"line":138,"column":4},"end":{"line":138,"column":61}},"71":{"start":{"line":139,"column":4},"end":{"line":139,"column":62}},"72":{"start":{"line":140,"column":4},"end":{"line":140,"column":51}},"73":{"start":{"line":142,"column":4},"end":{"line":142,"column":null}},"74":{"start":{"line":143,"column":4},"end":{"line":143,"column":39}},"75":{"start":{"line":135,"column":13},"end":{"line":135,"column":36}}},"fnMap":{"0":{"name":"(anonymous_7)","decl":{"start":{"line":11,"column":29},"end":{"line":11,"column":36}},"loc":{"start":{"line":11,"column":86},"end":{"line":24,"column":null}}},"1":{"name":"(anonymous_8)","decl":{"start":{"line":11,"column":86},"end":{"line":11,"column":null}},"loc":{"start":{"line":11,"column":86},"end":{"line":24,"column":1}}},"2":{"name":"(anonymous_9)","decl":{"start":{"line":32,"column":26},"end":{"line":32,"column":33}},"loc":{"start":{"line":32,"column":83},"end":{"line":46,"column":null}}},"3":{"name":"(anonymous_10)","decl":{"start":{"line":32,"column":83},"end":{"line":32,"column":null}},"loc":{"start":{"line":32,"column":83},"end":{"line":46,"column":1}}},"4":{"name":"(anonymous_11)","decl":{"start":{"line":54,"column":22},"end":{"line":54,"column":29}},"loc":{"start":{"line":54,"column":79},"end":{"line":65,"column":null}}},"5":{"name":"(anonymous_12)","decl":{"start":{"line":54,"column":79},"end":{"line":54,"column":null}},"loc":{"start":{"line":54,"column":79},"end":{"line":65,"column":1}}},"6":{"name":"(anonymous_13)","decl":{"start":{"line":73,"column":29},"end":{"line":73,"column":36}},"loc":{"start":{"line":73,"column":86},"end":{"line":87,"column":null}}},"7":{"name":"(anonymous_14)","decl":{"start":{"line":73,"column":86},"end":{"line":73,"column":null}},"loc":{"start":{"line":73,"column":86},"end":{"line":87,"column":1}}},"8":{"name":"(anonymous_15)","decl":{"start":{"line":95,"column":33},"end":{"line":95,"column":40}},"loc":{"start":{"line":95,"column":90},"end":{"line":107,"column":null}}},"9":{"name":"(anonymous_16)","decl":{"start":{"line":95,"column":90},"end":{"line":95,"column":null}},"loc":{"start":{"line":95,"column":90},"end":{"line":107,"column":1}}},"10":{"name":"(anonymous_17)","decl":{"start":{"line":100,"column":14},"end":{"line":100,"column":15}},"loc":{"start":{"line":100,"column":28},"end":{"line":102,"column":5}}},"11":{"name":"(anonymous_18)","decl":{"start":{"line":115,"column":32},"end":{"line":115,"column":39}},"loc":{"start":{"line":115,"column":89},"end":{"line":127,"column":null}}},"12":{"name":"(anonymous_19)","decl":{"start":{"line":115,"column":89},"end":{"line":115,"column":null}},"loc":{"start":{"line":115,"column":89},"end":{"line":127,"column":1}}},"13":{"name":"(anonymous_20)","decl":{"start":{"line":120,"column":14},"end":{"line":120,"column":15}},"loc":{"start":{"line":120,"column":28},"end":{"line":122,"column":5}}},"14":{"name":"(anonymous_21)","decl":{"start":{"line":135,"column":36},"end":{"line":135,"column":43}},"loc":{"start":{"line":135,"column":93},"end":{"line":145,"column":null}}},"15":{"name":"(anonymous_22)","decl":{"start":{"line":135,"column":93},"end":{"line":135,"column":null}},"loc":{"start":{"line":135,"column":93},"end":{"line":145,"column":1}}}},"branchMap":{"0":{"loc":{"start":{"line":15,"column":6},"end":{"line":20,"column":null}},"type":"if","locations":[{"start":{"line":15,"column":6},"end":{"line":20,"column":null}},{"start":{"line":18,"column":10},"end":{"line":20,"column":null}}]},"1":{"loc":{"start":{"line":37,"column":4},"end":{"line":42,"column":null}},"type":"if","locations":[{"start":{"line":37,"column":4},"end":{"line":42,"column":null}},{"start":{"line":40,"column":8},"end":{"line":42,"column":null}}]},"2":{"loc":{"start":{"line":78,"column":4},"end":{"line":83,"column":null}},"type":"if","locations":[{"start":{"line":78,"column":4},"end":{"line":83,"column":null}},{"start":{"line":81,"column":8},"end":{"line":83,"column":null}}]}},"s":{"0":1,"1":1,"2":1,"3":1,"4":1,"5":1,"6":1,"7":0,"8":1,"9":0,"10":1,"11":1,"12":2,"13":2,"14":2,"15":2,"16":2,"17":2,"18":1,"19":1,"20":0,"21":1,"22":1,"23":2,"24":2,"25":2,"26":2,"27":2,"28":2,"29":2,"30":2,"31":0,"32":1,"33":1,"34":1,"35":1,"36":1,"37":1,"38":1,"39":1,"40":1,"41":0,"42":0,"43":1,"44":1,"45":1,"46":1,"47":1,"48":1,"49":1,"50":1,"51":1,"52":1,"53":0,"54":1,"55":1,"56":2,"57":2,"58":2,"59":2,"60":2,"61":2,"62":3,"63":2,"64":0,"65":1,"66":1,"67":1,"68":1,"69":1,"70":1,"71":1,"72":1,"73":0,"74":0,"75":1},"f":{"0":1,"1":1,"2":2,"3":2,"4":2,"5":2,"6":1,"7":1,"8":1,"9":1,"10":1,"11":2,"12":2,"13":3,"14":1,"15":1},"b":{"0":[0,1],"1":[1,1],"2":[1,0]}}
,"C:\\Users\\Hugo\\Desktop\\CUARTO_CURSO_INGENIERIA\\TFG\\proyecto\\tfg\\backend\\controllers\\spotifyController.ts": {"path":"C:\\Users\\Hugo\\Desktop\\CUARTO_CURSO_INGENIERIA\\TFG\\proyecto\\tfg\\backend\\controllers\\spotifyController.ts","statementMap":{"0":{"start":{"line":3,"column":0},"end":{"line":3,"column":27}},"1":{"start":{"line":5,"column":17},"end":{"line":5,"column":48}},"2":{"start":{"line":7,"column":14},"end":{"line":10,"column":2}},"3":{"start":{"line":15,"column":24},"end":{"line":24,"column":null}},"4":{"start":{"line":15,"column":35},"end":{"line":24,"column":null}},"5":{"start":{"line":16,"column":4},"end":{"line":23,"column":null}},"6":{"start":{"line":18,"column":12},"end":{"line":18,"column":62}},"7":{"start":{"line":21,"column":12},"end":{"line":21,"column":null}},"8":{"start":{"line":15,"column":13},"end":{"line":15,"column":24}},"9":{"start":{"line":32,"column":26},"end":{"line":41,"column":null}},"10":{"start":{"line":32,"column":83},"end":{"line":41,"column":null}},"11":{"start":{"line":33,"column":4},"end":{"line":40,"column":null}},"12":{"start":{"line":34,"column":8},"end":{"line":34,"column":null}},"13":{"start":{"line":35,"column":25},"end":{"line":35,"column":44}},"14":{"start":{"line":36,"column":24},"end":{"line":36,"column":57}},"15":{"start":{"line":37,"column":8},"end":{"line":37,"column":61}},"16":{"start":{"line":39,"column":8},"end":{"line":39,"column":43}},"17":{"start":{"line":32,"column":13},"end":{"line":32,"column":26}},"18":{"start":{"line":49,"column":33},"end":{"line":58,"column":null}},"19":{"start":{"line":49,"column":90},"end":{"line":58,"column":null}},"20":{"start":{"line":50,"column":4},"end":{"line":57,"column":null}},"21":{"start":{"line":51,"column":8},"end":{"line":51,"column":null}},"22":{"start":{"line":52,"column":25},"end":{"line":52,"column":44}},"23":{"start":{"line":53,"column":24},"end":{"line":53,"column":88}},"24":{"start":{"line":54,"column":8},"end":{"line":54,"column":67}},"25":{"start":{"line":56,"column":8},"end":{"line":56,"column":43}},"26":{"start":{"line":49,"column":13},"end":{"line":49,"column":33}},"27":{"start":{"line":66,"column":42},"end":{"line":76,"column":null}},"28":{"start":{"line":66,"column":99},"end":{"line":76,"column":null}},"29":{"start":{"line":67,"column":4},"end":{"line":75,"column":null}},"30":{"start":{"line":68,"column":8},"end":{"line":68,"column":null}},"31":{"start":{"line":69,"column":25},"end":{"line":69,"column":44}},"32":{"start":{"line":70,"column":21},"end":{"line":70,"column":36}},"33":{"start":{"line":71,"column":26},"end":{"line":71,"column":74}},"34":{"start":{"line":72,"column":8},"end":{"line":72,"column":72}},"35":{"start":{"line":74,"column":8},"end":{"line":74,"column":43}},"36":{"start":{"line":66,"column":13},"end":{"line":66,"column":42}},"37":{"start":{"line":84,"column":36},"end":{"line":93,"column":null}},"38":{"start":{"line":84,"column":93},"end":{"line":93,"column":null}},"39":{"start":{"line":85,"column":4},"end":{"line":92,"column":null}},"40":{"start":{"line":86,"column":8},"end":{"line":86,"column":null}},"41":{"start":{"line":87,"column":25},"end":{"line":87,"column":44}},"42":{"start":{"line":88,"column":29},"end":{"line":88,"column":76}},"43":{"start":{"line":89,"column":8},"end":{"line":89,"column":79}},"44":{"start":{"line":91,"column":8},"end":{"line":91,"column":43}},"45":{"start":{"line":84,"column":13},"end":{"line":84,"column":36}},"46":{"start":{"line":95,"column":0},"end":{"line":95,"column":11}}},"fnMap":{"0":{"name":"(anonymous_7)","decl":{"start":{"line":15,"column":24},"end":{"line":15,"column":33}},"loc":{"start":{"line":15,"column":35},"end":{"line":24,"column":null}}},"1":{"name":"(anonymous_8)","decl":{"start":{"line":15,"column":35},"end":{"line":15,"column":null}},"loc":{"start":{"line":15,"column":35},"end":{"line":24,"column":1}}},"2":{"name":"(anonymous_9)","decl":{"start":{"line":17,"column":8},"end":{"line":17,"column":17}},"loc":{"start":{"line":17,"column":26},"end":{"line":19,"column":13}}},"3":{"name":"(anonymous_10)","decl":{"start":{"line":20,"column":8},"end":{"line":20,"column":17}},"loc":{"start":{"line":20,"column":27},"end":{"line":22,"column":13}}},"4":{"name":"(anonymous_11)","decl":{"start":{"line":32,"column":26},"end":{"line":32,"column":33}},"loc":{"start":{"line":32,"column":83},"end":{"line":41,"column":null}}},"5":{"name":"(anonymous_12)","decl":{"start":{"line":32,"column":83},"end":{"line":32,"column":null}},"loc":{"start":{"line":32,"column":83},"end":{"line":41,"column":1}}},"6":{"name":"(anonymous_13)","decl":{"start":{"line":49,"column":33},"end":{"line":49,"column":40}},"loc":{"start":{"line":49,"column":90},"end":{"line":58,"column":null}}},"7":{"name":"(anonymous_14)","decl":{"start":{"line":49,"column":90},"end":{"line":49,"column":null}},"loc":{"start":{"line":49,"column":90},"end":{"line":58,"column":1}}},"8":{"name":"(anonymous_15)","decl":{"start":{"line":66,"column":42},"end":{"line":66,"column":49}},"loc":{"start":{"line":66,"column":99},"end":{"line":76,"column":null}}},"9":{"name":"(anonymous_16)","decl":{"start":{"line":66,"column":99},"end":{"line":66,"column":null}},"loc":{"start":{"line":66,"column":99},"end":{"line":76,"column":1}}},"10":{"name":"(anonymous_17)","decl":{"start":{"line":84,"column":36},"end":{"line":84,"column":43}},"loc":{"start":{"line":84,"column":93},"end":{"line":93,"column":null}}},"11":{"name":"(anonymous_18)","decl":{"start":{"line":84,"column":93},"end":{"line":84,"column":null}},"loc":{"start":{"line":84,"column":93},"end":{"line":93,"column":1}}}},"branchMap":{},"s":{"0":1,"1":1,"2":1,"3":1,"4":1,"5":1,"6":0,"7":1,"8":1,"9":1,"10":0,"11":0,"12":0,"13":0,"14":0,"15":0,"16":0,"17":1,"18":1,"19":0,"20":0,"21":0,"22":0,"23":0,"24":0,"25":0,"26":1,"27":1,"28":0,"29":0,"30":0,"31":0,"32":0,"33":0,"34":0,"35":0,"36":1,"37":1,"38":0,"39":0,"40":0,"41":0,"42":0,"43":0,"44":0,"45":1,"46":1},"f":{"0":1,"1":1,"2":0,"3":1,"4":0,"5":0,"6":0,"7":0,"8":0,"9":0,"10":0,"11":0},"b":{}}
,"C:\\Users\\Hugo\\Desktop\\CUARTO_CURSO_INGENIERIA\\TFG\\proyecto\\tfg\\backend\\controllers\\usuarioController.ts": {"path":"C:\\Users\\Hugo\\Desktop\\CUARTO_CURSO_INGENIERIA\\TFG\\proyecto\\tfg\\backend\\controllers\\usuarioController.ts","statementMap":{"0":{"start":{"line":3,"column":22},"end":{"line":3,"column":55}},"1":{"start":{"line":4,"column":40},"end":{"line":4,"column":79}},"2":{"start":{"line":5,"column":14},"end":{"line":5,"column":30}},"3":{"start":{"line":7,"column":0},"end":{"line":7,"column":27}},"4":{"start":{"line":15,"column":28},"end":{"line":34,"column":null}},"5":{"start":{"line":15,"column":85},"end":{"line":34,"column":null}},"6":{"start":{"line":16,"column":2},"end":{"line":33,"column":null}},"7":{"start":{"line":17,"column":33},"end":{"line":17,"column":41}},"8":{"start":{"line":18,"column":28},"end":{"line":18,"column":73}},"9":{"start":{"line":19,"column":4},"end":{"line":30,"column":null}},"10":{"start":{"line":20,"column":6},"end":{"line":20,"column":51}},"11":{"start":{"line":23,"column":33},"end":{"line":23,"column":97}},"12":{"start":{"line":24,"column":6},"end":{"line":29,"column":null}},"13":{"start":{"line":25,"column":8},"end":{"line":25,"column":64}},"14":{"start":{"line":28,"column":8},"end":{"line":28,"column":53}},"15":{"start":{"line":32,"column":4},"end":{"line":32,"column":39}},"16":{"start":{"line":15,"column":13},"end":{"line":15,"column":28}},"17":{"start":{"line":42,"column":31},"end":{"line":60,"column":null}},"18":{"start":{"line":42,"column":88},"end":{"line":60,"column":null}},"19":{"start":{"line":43,"column":2},"end":{"line":59,"column":null}},"20":{"start":{"line":44,"column":124},"end":{"line":44,"column":132}},"21":{"start":{"line":46,"column":28},"end":{"line":46,"column":73}},"22":{"start":{"line":47,"column":4},"end":{"line":56,"column":null}},"23":{"start":{"line":48,"column":6},"end":{"line":48,"column":51}},"24":{"start":{"line":51,"column":25},"end":{"line":51,"column":52}},"25":{"start":{"line":52,"column":31},"end":{"line":52,"column":161}},"26":{"start":{"line":53,"column":6},"end":{"line":53,"column":36}},"27":{"start":{"line":54,"column":19},"end":{"line":54,"column":64}},"28":{"start":{"line":55,"column":6},"end":{"line":55,"column":65}},"29":{"start":{"line":58,"column":4},"end":{"line":58,"column":39}},"30":{"start":{"line":42,"column":13},"end":{"line":42,"column":31}},"31":{"start":{"line":68,"column":26},"end":{"line":81,"column":null}},"32":{"start":{"line":68,"column":83},"end":{"line":81,"column":null}},"33":{"start":{"line":69,"column":4},"end":{"line":80,"column":null}},"34":{"start":{"line":70,"column":22},"end":{"line":70,"column":40}},"35":{"start":{"line":71,"column":30},"end":{"line":71,"column":70}},"36":{"start":{"line":72,"column":6},"end":{"line":77,"column":null}},"37":{"start":{"line":73,"column":8},"end":{"line":73,"column":65}},"38":{"start":{"line":76,"column":8},"end":{"line":76,"column":63}},"39":{"start":{"line":79,"column":6},"end":{"line":79,"column":41}},"40":{"start":{"line":68,"column":13},"end":{"line":68,"column":26}},"41":{"start":{"line":89,"column":27},"end":{"line":102,"column":null}},"42":{"start":{"line":89,"column":84},"end":{"line":102,"column":null}},"43":{"start":{"line":90,"column":2},"end":{"line":101,"column":null}},"44":{"start":{"line":91,"column":20},"end":{"line":91,"column":49}},"45":{"start":{"line":92,"column":21},"end":{"line":92,"column":68}},"46":{"start":{"line":93,"column":4},"end":{"line":98,"column":null}},"47":{"start":{"line":94,"column":6},"end":{"line":94,"column":47}},"48":{"start":{"line":97,"column":6},"end":{"line":97,"column":55}},"49":{"start":{"line":100,"column":4},"end":{"line":100,"column":39}},"50":{"start":{"line":89,"column":13},"end":{"line":89,"column":27}},"51":{"start":{"line":110,"column":37},"end":{"line":125,"column":null}},"52":{"start":{"line":110,"column":94},"end":{"line":125,"column":null}},"53":{"start":{"line":111,"column":2},"end":{"line":124,"column":null}},"54":{"start":{"line":112,"column":20},"end":{"line":112,"column":48}},"55":{"start":{"line":113,"column":24},"end":{"line":113,"column":69}},"56":{"start":{"line":114,"column":21},"end":{"line":114,"column":63}},"57":{"start":{"line":115,"column":21},"end":{"line":115,"column":131}},"58":{"start":{"line":116,"column":4},"end":{"line":121,"column":null}},"59":{"start":{"line":117,"column":6},"end":{"line":117,"column":47}},"60":{"start":{"line":120,"column":6},"end":{"line":120,"column":55}},"61":{"start":{"line":123,"column":4},"end":{"line":123,"column":39}},"62":{"start":{"line":110,"column":13},"end":{"line":110,"column":37}},"63":{"start":{"line":133,"column":32},"end":{"line":146,"column":null}},"64":{"start":{"line":133,"column":89},"end":{"line":146,"column":null}},"65":{"start":{"line":134,"column":2},"end":{"line":145,"column":null}},"66":{"start":{"line":135,"column":19},"end":{"line":135,"column":34}},"67":{"start":{"line":136,"column":28},"end":{"line":136,"column":73}},"68":{"start":{"line":137,"column":4},"end":{"line":142,"column":null}},"69":{"start":{"line":138,"column":6},"end":{"line":138,"column":67}},"70":{"start":{"line":141,"column":6},"end":{"line":141,"column":61}},"71":{"start":{"line":144,"column":4},"end":{"line":144,"column":39}},"72":{"start":{"line":133,"column":13},"end":{"line":133,"column":32}},"73":{"start":{"line":154,"column":33},"end":{"line":167,"column":null}},"74":{"start":{"line":154,"column":90},"end":{"line":167,"column":null}},"75":{"start":{"line":155,"column":2},"end":{"line":166,"column":null}},"76":{"start":{"line":156,"column":19},"end":{"line":156,"column":34}},"77":{"start":{"line":157,"column":28},"end":{"line":157,"column":96}},"78":{"start":{"line":158,"column":4},"end":{"line":163,"column":null}},"79":{"start":{"line":159,"column":6},"end":{"line":159,"column":49}},"80":{"start":{"line":162,"column":6},"end":{"line":162,"column":62}},"81":{"start":{"line":165,"column":4},"end":{"line":165,"column":39}},"82":{"start":{"line":154,"column":13},"end":{"line":154,"column":33}},"83":{"start":{"line":175,"column":38},"end":{"line":189,"column":null}},"84":{"start":{"line":175,"column":95},"end":{"line":189,"column":null}},"85":{"start":{"line":176,"column":2},"end":{"line":188,"column":null}},"86":{"start":{"line":177,"column":19},"end":{"line":177,"column":34}},"87":{"start":{"line":178,"column":23},"end":{"line":178,"column":50}},"88":{"start":{"line":179,"column":28},"end":{"line":179,"column":120}},"89":{"start":{"line":180,"column":4},"end":{"line":185,"column":null}},"90":{"start":{"line":181,"column":6},"end":{"line":181,"column":49}},"91":{"start":{"line":184,"column":6},"end":{"line":184,"column":62}},"92":{"start":{"line":187,"column":4},"end":{"line":187,"column":39}},"93":{"start":{"line":175,"column":13},"end":{"line":175,"column":38}},"94":{"start":{"line":197,"column":36},"end":{"line":210,"column":null}},"95":{"start":{"line":197,"column":93},"end":{"line":210,"column":null}},"96":{"start":{"line":198,"column":2},"end":{"line":209,"column":null}},"97":{"start":{"line":199,"column":17},"end":{"line":199,"column":35}},"98":{"start":{"line":200,"column":28},"end":{"line":200,"column":67}},"99":{"start":{"line":201,"column":4},"end":{"line":206,"column":null}},"100":{"start":{"line":202,"column":6},"end":{"line":202,"column":49}},"101":{"start":{"line":205,"column":6},"end":{"line":205,"column":62}},"102":{"start":{"line":208,"column":4},"end":{"line":208,"column":39}},"103":{"start":{"line":197,"column":13},"end":{"line":197,"column":36}},"104":{"start":{"line":218,"column":40},"end":{"line":231,"column":null}},"105":{"start":{"line":218,"column":97},"end":{"line":231,"column":null}},"106":{"start":{"line":219,"column":2},"end":{"line":230,"column":null}},"107":{"start":{"line":220,"column":17},"end":{"line":220,"column":35}},"108":{"start":{"line":221,"column":28},"end":{"line":221,"column":67}},"109":{"start":{"line":222,"column":4},"end":{"line":227,"column":null}},"110":{"start":{"line":223,"column":6},"end":{"line":223,"column":49}},"111":{"start":{"line":226,"column":6},"end":{"line":226,"column":62}},"112":{"start":{"line":229,"column":4},"end":{"line":229,"column":39}},"113":{"start":{"line":218,"column":13},"end":{"line":218,"column":40}},"114":{"start":{"line":239,"column":35},"end":{"line":252,"column":null}},"115":{"start":{"line":239,"column":92},"end":{"line":252,"column":null}},"116":{"start":{"line":240,"column":2},"end":{"line":251,"column":null}},"117":{"start":{"line":241,"column":19},"end":{"line":241,"column":36}},"118":{"start":{"line":242,"column":28},"end":{"line":242,"column":71}},"119":{"start":{"line":243,"column":4},"end":{"line":248,"column":null}},"120":{"start":{"line":244,"column":6},"end":{"line":244,"column":49}},"121":{"start":{"line":247,"column":6},"end":{"line":247,"column":62}},"122":{"start":{"line":250,"column":4},"end":{"line":250,"column":39}},"123":{"start":{"line":239,"column":13},"end":{"line":239,"column":35}},"124":{"start":{"line":260,"column":34},"end":{"line":274,"column":null}},"125":{"start":{"line":260,"column":91},"end":{"line":274,"column":null}},"126":{"start":{"line":261,"column":2},"end":{"line":273,"column":null}},"127":{"start":{"line":262,"column":24},"end":{"line":262,"column":69}},"128":{"start":{"line":263,"column":21},"end":{"line":263,"column":63}},"129":{"start":{"line":264,"column":28},"end":{"line":264,"column":108}},"130":{"start":{"line":265,"column":4},"end":{"line":270,"column":null}},"131":{"start":{"line":266,"column":6},"end":{"line":266,"column":49}},"132":{"start":{"line":269,"column":6},"end":{"line":269,"column":62}},"133":{"start":{"line":272,"column":4},"end":{"line":272,"column":39}},"134":{"start":{"line":260,"column":13},"end":{"line":260,"column":34}},"135":{"start":{"line":282,"column":29},"end":{"line":299,"column":null}},"136":{"start":{"line":282,"column":86},"end":{"line":299,"column":null}},"137":{"start":{"line":283,"column":2},"end":{"line":298,"column":null}},"138":{"start":{"line":284,"column":27},"end":{"line":284,"column":52}},"139":{"start":{"line":285,"column":24},"end":{"line":285,"column":32}},"140":{"start":{"line":286,"column":28},"end":{"line":286,"column":81}},"141":{"start":{"line":287,"column":30},"end":{"line":287,"column":87}},"142":{"start":{"line":288,"column":4},"end":{"line":294,"column":null}},"143":{"start":{"line":289,"column":6},"end":{"line":289,"column":56}},"144":{"start":{"line":292,"column":6},"end":{"line":292,"column":null}},"145":{"start":{"line":293,"column":6},"end":{"line":293,"column":55}},"146":{"start":{"line":297,"column":4},"end":{"line":297,"column":39}},"147":{"start":{"line":282,"column":13},"end":{"line":282,"column":29}},"148":{"start":{"line":307,"column":26},"end":{"line":323,"column":null}},"149":{"start":{"line":307,"column":83},"end":{"line":323,"column":null}},"150":{"start":{"line":308,"column":2},"end":{"line":322,"column":null}},"151":{"start":{"line":309,"column":19},"end":{"line":309,"column":36}},"152":{"start":{"line":310,"column":24},"end":{"line":310,"column":32}},"153":{"start":{"line":311,"column":28},"end":{"line":311,"column":73}},"154":{"start":{"line":312,"column":4},"end":{"line":318,"column":null}},"155":{"start":{"line":313,"column":6},"end":{"line":313,"column":56}},"156":{"start":{"line":316,"column":6},"end":{"line":316,"column":null}},"157":{"start":{"line":317,"column":6},"end":{"line":317,"column":55}},"158":{"start":{"line":321,"column":4},"end":{"line":321,"column":39}},"159":{"start":{"line":307,"column":13},"end":{"line":307,"column":26}},"160":{"start":{"line":331,"column":31},"end":{"line":338,"column":null}},"161":{"start":{"line":331,"column":69},"end":{"line":338,"column":null}},"162":{"start":{"line":332,"column":2},"end":{"line":337,"column":null}},"163":{"start":{"line":333,"column":4},"end":{"line":333,"column":null}},"164":{"start":{"line":334,"column":4},"end":{"line":334,"column":49}},"165":{"start":{"line":336,"column":4},"end":{"line":336,"column":39}},"166":{"start":{"line":331,"column":13},"end":{"line":331,"column":31}},"167":{"start":{"line":346,"column":31},"end":{"line":352,"column":null}},"168":{"start":{"line":346,"column":69},"end":{"line":352,"column":null}},"169":{"start":{"line":347,"column":16},"end":{"line":347,"column":30}},"170":{"start":{"line":348,"column":20},"end":{"line":348,"column":156}},"171":{"start":{"line":349,"column":2},"end":{"line":349,"column":null}},"172":{"start":{"line":350,"column":16},"end":{"line":350,"column":38}},"173":{"start":{"line":351,"column":2},"end":{"line":351,"column":46}},"174":{"start":{"line":346,"column":13},"end":{"line":346,"column":31}},"175":{"start":{"line":360,"column":36},"end":{"line":382,"column":null}},"176":{"start":{"line":360,"column":93},"end":{"line":382,"column":null}},"177":{"start":{"line":361,"column":2},"end":{"line":381,"column":null}},"178":{"start":{"line":362,"column":18},"end":{"line":362,"column":38}},"179":{"start":{"line":363,"column":20},"end":{"line":363,"column":38}},"180":{"start":{"line":364,"column":24},"end":{"line":364,"column":69}},"181":{"start":{"line":365,"column":21},"end":{"line":365,"column":63}},"182":{"start":{"line":366,"column":16},"end":{"line":366,"column":35}},"183":{"start":{"line":367,"column":4},"end":{"line":367,"column":null}},"184":{"start":{"line":367,"column":30},"end":{"line":367,"column":null}},"185":{"start":{"line":368,"column":4},"end":{"line":368,"column":null}},"186":{"start":{"line":368,"column":28},"end":{"line":368,"column":null}},"187":{"start":{"line":369,"column":4},"end":{"line":378,"column":null}},"188":{"start":{"line":370,"column":30},"end":{"line":371,"column":106}},"189":{"start":{"line":372,"column":6},"end":{"line":372,"column":62}},"190":{"start":{"line":375,"column":30},"end":{"line":376,"column":106}},"191":{"start":{"line":377,"column":6},"end":{"line":377,"column":62}},"192":{"start":{"line":380,"column":4},"end":{"line":380,"column":39}},"193":{"start":{"line":360,"column":13},"end":{"line":360,"column":36}}},"fnMap":{"0":{"name":"(anonymous_7)","decl":{"start":{"line":15,"column":28},"end":{"line":15,"column":35}},"loc":{"start":{"line":15,"column":85},"end":{"line":34,"column":null}}},"1":{"name":"(anonymous_8)","decl":{"start":{"line":15,"column":85},"end":{"line":15,"column":null}},"loc":{"start":{"line":15,"column":85},"end":{"line":34,"column":1}}},"2":{"name":"(anonymous_9)","decl":{"start":{"line":42,"column":31},"end":{"line":42,"column":38}},"loc":{"start":{"line":42,"column":88},"end":{"line":60,"column":null}}},"3":{"name":"(anonymous_10)","decl":{"start":{"line":42,"column":88},"end":{"line":42,"column":null}},"loc":{"start":{"line":42,"column":88},"end":{"line":60,"column":1}}},"4":{"name":"(anonymous_11)","decl":{"start":{"line":68,"column":26},"end":{"line":68,"column":33}},"loc":{"start":{"line":68,"column":83},"end":{"line":81,"column":null}}},"5":{"name":"(anonymous_12)","decl":{"start":{"line":68,"column":83},"end":{"line":68,"column":null}},"loc":{"start":{"line":68,"column":83},"end":{"line":81,"column":1}}},"6":{"name":"(anonymous_13)","decl":{"start":{"line":89,"column":27},"end":{"line":89,"column":34}},"loc":{"start":{"line":89,"column":84},"end":{"line":102,"column":null}}},"7":{"name":"(anonymous_14)","decl":{"start":{"line":89,"column":84},"end":{"line":89,"column":null}},"loc":{"start":{"line":89,"column":84},"end":{"line":102,"column":1}}},"8":{"name":"(anonymous_15)","decl":{"start":{"line":110,"column":37},"end":{"line":110,"column":44}},"loc":{"start":{"line":110,"column":94},"end":{"line":125,"column":null}}},"9":{"name":"(anonymous_16)","decl":{"start":{"line":110,"column":94},"end":{"line":110,"column":null}},"loc":{"start":{"line":110,"column":94},"end":{"line":125,"column":1}}},"10":{"name":"(anonymous_17)","decl":{"start":{"line":133,"column":32},"end":{"line":133,"column":39}},"loc":{"start":{"line":133,"column":89},"end":{"line":146,"column":null}}},"11":{"name":"(anonymous_18)","decl":{"start":{"line":133,"column":89},"end":{"line":133,"column":null}},"loc":{"start":{"line":133,"column":89},"end":{"line":146,"column":1}}},"12":{"name":"(anonymous_19)","decl":{"start":{"line":154,"column":33},"end":{"line":154,"column":40}},"loc":{"start":{"line":154,"column":90},"end":{"line":167,"column":null}}},"13":{"name":"(anonymous_20)","decl":{"start":{"line":154,"column":90},"end":{"line":154,"column":null}},"loc":{"start":{"line":154,"column":90},"end":{"line":167,"column":1}}},"14":{"name":"(anonymous_21)","decl":{"start":{"line":175,"column":38},"end":{"line":175,"column":45}},"loc":{"start":{"line":175,"column":95},"end":{"line":189,"column":null}}},"15":{"name":"(anonymous_22)","decl":{"start":{"line":175,"column":95},"end":{"line":175,"column":null}},"loc":{"start":{"line":175,"column":95},"end":{"line":189,"column":1}}},"16":{"name":"(anonymous_23)","decl":{"start":{"line":197,"column":36},"end":{"line":197,"column":43}},"loc":{"start":{"line":197,"column":93},"end":{"line":210,"column":null}}},"17":{"name":"(anonymous_24)","decl":{"start":{"line":197,"column":93},"end":{"line":197,"column":null}},"loc":{"start":{"line":197,"column":93},"end":{"line":210,"column":1}}},"18":{"name":"(anonymous_25)","decl":{"start":{"line":218,"column":40},"end":{"line":218,"column":47}},"loc":{"start":{"line":218,"column":97},"end":{"line":231,"column":null}}},"19":{"name":"(anonymous_26)","decl":{"start":{"line":218,"column":97},"end":{"line":218,"column":null}},"loc":{"start":{"line":218,"column":97},"end":{"line":231,"column":1}}},"20":{"name":"(anonymous_27)","decl":{"start":{"line":239,"column":35},"end":{"line":239,"column":42}},"loc":{"start":{"line":239,"column":92},"end":{"line":252,"column":null}}},"21":{"name":"(anonymous_28)","decl":{"start":{"line":239,"column":92},"end":{"line":239,"column":null}},"loc":{"start":{"line":239,"column":92},"end":{"line":252,"column":1}}},"22":{"name":"(anonymous_29)","decl":{"start":{"line":260,"column":34},"end":{"line":260,"column":41}},"loc":{"start":{"line":260,"column":91},"end":{"line":274,"column":null}}},"23":{"name":"(anonymous_30)","decl":{"start":{"line":260,"column":91},"end":{"line":260,"column":null}},"loc":{"start":{"line":260,"column":91},"end":{"line":274,"column":1}}},"24":{"name":"(anonymous_31)","decl":{"start":{"line":282,"column":29},"end":{"line":282,"column":36}},"loc":{"start":{"line":282,"column":86},"end":{"line":299,"column":null}}},"25":{"name":"(anonymous_32)","decl":{"start":{"line":282,"column":86},"end":{"line":282,"column":null}},"loc":{"start":{"line":282,"column":86},"end":{"line":299,"column":1}}},"26":{"name":"(anonymous_33)","decl":{"start":{"line":307,"column":26},"end":{"line":307,"column":33}},"loc":{"start":{"line":307,"column":83},"end":{"line":323,"column":null}}},"27":{"name":"(anonymous_34)","decl":{"start":{"line":307,"column":83},"end":{"line":307,"column":null}},"loc":{"start":{"line":307,"column":83},"end":{"line":323,"column":1}}},"28":{"name":"(anonymous_35)","decl":{"start":{"line":331,"column":31},"end":{"line":331,"column":38}},"loc":{"start":{"line":331,"column":69},"end":{"line":338,"column":null}}},"29":{"name":"(anonymous_36)","decl":{"start":{"line":331,"column":69},"end":{"line":331,"column":null}},"loc":{"start":{"line":331,"column":69},"end":{"line":338,"column":1}}},"30":{"name":"(anonymous_37)","decl":{"start":{"line":346,"column":31},"end":{"line":346,"column":38}},"loc":{"start":{"line":346,"column":69},"end":{"line":352,"column":null}}},"31":{"name":"(anonymous_38)","decl":{"start":{"line":346,"column":69},"end":{"line":346,"column":null}},"loc":{"start":{"line":346,"column":69},"end":{"line":352,"column":1}}},"32":{"name":"(anonymous_39)","decl":{"start":{"line":360,"column":36},"end":{"line":360,"column":43}},"loc":{"start":{"line":360,"column":93},"end":{"line":382,"column":null}}},"33":{"name":"(anonymous_40)","decl":{"start":{"line":360,"column":93},"end":{"line":360,"column":null}},"loc":{"start":{"line":360,"column":93},"end":{"line":382,"column":1}}}},"branchMap":{"0":{"loc":{"start":{"line":19,"column":4},"end":{"line":30,"column":null}},"type":"if","locations":[{"start":{"line":19,"column":4},"end":{"line":30,"column":null}},{"start":{"line":22,"column":8},"end":{"line":30,"column":null}}]},"1":{"loc":{"start":{"line":24,"column":6},"end":{"line":29,"column":null}},"type":"if","locations":[{"start":{"line":24,"column":6},"end":{"line":29,"column":null}},{"start":{"line":27,"column":10},"end":{"line":29,"column":null}}]},"2":{"loc":{"start":{"line":47,"column":4},"end":{"line":56,"column":null}},"type":"if","locations":[{"start":{"line":47,"column":4},"end":{"line":56,"column":null}},{"start":{"line":50,"column":8},"end":{"line":56,"column":null}}]},"3":{"loc":{"start":{"line":72,"column":6},"end":{"line":77,"column":null}},"type":"if","locations":[{"start":{"line":72,"column":6},"end":{"line":77,"column":null}},{"start":{"line":75,"column":10},"end":{"line":77,"column":null}}]},"4":{"loc":{"start":{"line":93,"column":4},"end":{"line":98,"column":null}},"type":"if","locations":[{"start":{"line":93,"column":4},"end":{"line":98,"column":null}},{"start":{"line":96,"column":8},"end":{"line":98,"column":null}}]},"5":{"loc":{"start":{"line":116,"column":4},"end":{"line":121,"column":null}},"type":"if","locations":[{"start":{"line":116,"column":4},"end":{"line":121,"column":null}},{"start":{"line":119,"column":8},"end":{"line":121,"column":null}}]},"6":{"loc":{"start":{"line":137,"column":4},"end":{"line":142,"column":null}},"type":"if","locations":[{"start":{"line":137,"column":4},"end":{"line":142,"column":null}},{"start":{"line":140,"column":8},"end":{"line":142,"column":null}}]},"7":{"loc":{"start":{"line":158,"column":4},"end":{"line":163,"column":null}},"type":"if","locations":[{"start":{"line":158,"column":4},"end":{"line":163,"column":null}},{"start":{"line":161,"column":8},"end":{"line":163,"column":null}}]},"8":{"loc":{"start":{"line":180,"column":4},"end":{"line":185,"column":null}},"type":"if","locations":[{"start":{"line":180,"column":4},"end":{"line":185,"column":null}},{"start":{"line":183,"column":8},"end":{"line":185,"column":null}}]},"9":{"loc":{"start":{"line":201,"column":4},"end":{"line":206,"column":null}},"type":"if","locations":[{"start":{"line":201,"column":4},"end":{"line":206,"column":null}},{"start":{"line":204,"column":8},"end":{"line":206,"column":null}}]},"10":{"loc":{"start":{"line":222,"column":4},"end":{"line":227,"column":null}},"type":"if","locations":[{"start":{"line":222,"column":4},"end":{"line":227,"column":null}},{"start":{"line":225,"column":8},"end":{"line":227,"column":null}}]},"11":{"loc":{"start":{"line":243,"column":4},"end":{"line":248,"column":null}},"type":"if","locations":[{"start":{"line":243,"column":4},"end":{"line":248,"column":null}},{"start":{"line":246,"column":8},"end":{"line":248,"column":null}}]},"12":{"loc":{"start":{"line":265,"column":4},"end":{"line":270,"column":null}},"type":"if","locations":[{"start":{"line":265,"column":4},"end":{"line":270,"column":null}},{"start":{"line":268,"column":8},"end":{"line":270,"column":null}}]},"13":{"loc":{"start":{"line":288,"column":4},"end":{"line":294,"column":null}},"type":"if","locations":[{"start":{"line":288,"column":4},"end":{"line":294,"column":null}},{"start":{"line":291,"column":8},"end":{"line":294,"column":null}}]},"14":{"loc":{"start":{"line":288,"column":7},"end":{"line":288,"column":74}},"type":"binary-expr","locations":[{"start":{"line":288,"column":7},"end":{"line":288,"column":33}},{"start":{"line":288,"column":37},"end":{"line":288,"column":74}}]},"15":{"loc":{"start":{"line":312,"column":4},"end":{"line":318,"column":null}},"type":"if","locations":[{"start":{"line":312,"column":4},"end":{"line":318,"column":null}},{"start":{"line":315,"column":8},"end":{"line":318,"column":null}}]},"16":{"loc":{"start":{"line":367,"column":4},"end":{"line":367,"column":null}},"type":"if","locations":[{"start":{"line":367,"column":4},"end":{"line":367,"column":null}}]},"17":{"loc":{"start":{"line":368,"column":4},"end":{"line":368,"column":null}},"type":"if","locations":[{"start":{"line":368,"column":4},"end":{"line":368,"column":null}}]},"18":{"loc":{"start":{"line":369,"column":4},"end":{"line":378,"column":null}},"type":"if","locations":[{"start":{"line":369,"column":4},"end":{"line":378,"column":null}},{"start":{"line":374,"column":8},"end":{"line":378,"column":null}}]}},"s":{"0":1,"1":1,"2":1,"3":1,"4":1,"5":3,"6":3,"7":3,"8":3,"9":3,"10":1,"11":2,"12":2,"13":1,"14":1,"15":0,"16":1,"17":1,"18":3,"19":3,"20":3,"21":3,"22":3,"23":1,"24":2,"25":2,"26":2,"27":2,"28":2,"29":0,"30":1,"31":1,"32":1,"33":1,"34":1,"35":1,"36":1,"37":0,"38":1,"39":0,"40":1,"41":1,"42":1,"43":1,"44":1,"45":1,"46":1,"47":0,"48":1,"49":0,"50":1,"51":1,"52":1,"53":1,"54":1,"55":1,"56":1,"57":1,"58":1,"59":0,"60":1,"61":0,"62":1,"63":1,"64":5,"65":5,"66":5,"67":5,"68":5,"69":1,"70":4,"71":0,"72":1,"73":1,"74":1,"75":1,"76":1,"77":1,"78":1,"79":0,"80":1,"81":0,"82":1,"83":1,"84":1,"85":1,"86":1,"87":1,"88":1,"89":1,"90":0,"91":1,"92":0,"93":1,"94":1,"95":2,"96":2,"97":2,"98":2,"99":2,"100":0,"101":2,"102":0,"103":1,"104":1,"105":1,"106":1,"107":1,"108":1,"109":1,"110":0,"111":1,"112":0,"113":1,"114":1,"115":1,"116":1,"117":1,"118":1,"119":1,"120":0,"121":1,"122":0,"123":1,"124":1,"125":1,"126":1,"127":1,"128":1,"129":1,"130":1,"131":0,"132":1,"133":0,"134":1,"135":1,"136":1,"137":1,"138":1,"139":1,"140":1,"141":1,"142":1,"143":0,"144":1,"145":1,"146":0,"147":1,"148":1,"149":1,"150":1,"151":1,"152":1,"153":1,"154":1,"155":0,"156":1,"157":1,"158":0,"159":1,"160":1,"161":3,"162":3,"163":3,"164":3,"165":0,"166":1,"167":1,"168":0,"169":0,"170":0,"171":0,"172":0,"173":0,"174":1,"175":1,"176":1,"177":1,"178":1,"179":1,"180":1,"181":1,"182":1,"183":1,"184":0,"185":1,"186":0,"187":1,"188":0,"189":0,"190":1,"191":1,"192":0,"193":1},"f":{"0":3,"1":3,"2":3,"3":3,"4":1,"5":1,"6":1,"7":1,"8":1,"9":1,"10":5,"11":5,"12":1,"13":1,"14":1,"15":1,"16":2,"17":2,"18":1,"19":1,"20":1,"21":1,"22":1,"23":1,"24":1,"25":1,"26":1,"27":1,"28":3,"29":3,"30":0,"31":0,"32":1,"33":1},"b":{"0":[1,2],"1":[1,1],"2":[1,2],"3":[0,1],"4":[0,1],"5":[0,1],"6":[1,4],"7":[0,1],"8":[0,1],"9":[0,2],"10":[0,1],"11":[0,1],"12":[0,1],"13":[0,1],"14":[1,0],"15":[0,1],"16":[0],"17":[0],"18":[0,1]}}
}
