{"C:\\Users\\Hugo\\Desktop\\CUARTO_CURSO_INGENIERIA\\TFG\\proyecto\\tfg\\backend\\controllers\\cloudinaryController.ts": {"path":"C:\\Users\\Hugo\\Desktop\\CUARTO_CURSO_INGENIERIA\\TFG\\proyecto\\tfg\\backend\\controllers\\cloudinaryController.ts","statementMap":{"0":{"start":{"line":3,"column":17},"end":{"line":3,"column":38}},"1":{"start":{"line":5,"column":0},"end":{"line":5,"column":27}},"2":{"start":{"line":7,"column":1},"end":{"line":11,"column":4}},"3":{"start":{"line":13,"column":21},"end":{"line":21,"column":null}},"4":{"start":{"line":13,"column":78},"end":{"line":21,"column":null}},"5":{"start":{"line":14,"column":4},"end":{"line":20,"column":null}},"6":{"start":{"line":15,"column":21},"end":{"line":15,"column":38}},"7":{"start":{"line":16,"column":6},"end":{"line":16,"column":65}},"8":{"start":{"line":17,"column":6},"end":{"line":17,"column":45}},"9":{"start":{"line":19,"column":6},"end":{"line":19,"column":41}},"10":{"start":{"line":23,"column":26},"end":{"line":31,"column":null}},"11":{"start":{"line":23,"column":83},"end":{"line":31,"column":null}},"12":{"start":{"line":24,"column":4},"end":{"line":30,"column":null}},"13":{"start":{"line":25,"column":20},"end":{"line":25,"column":36}},"14":{"start":{"line":26,"column":6},"end":{"line":26,"column":69}},"15":{"start":{"line":27,"column":6},"end":{"line":27,"column":45}},"16":{"start":{"line":29,"column":6},"end":{"line":29,"column":41}},"17":{"start":{"line":33,"column":0},"end":{"line":33,"column":null}}},"fnMap":{"0":{"name":"(anonymous_7)","decl":{"start":{"line":13,"column":21},"end":{"line":13,"column":28}},"loc":{"start":{"line":13,"column":78},"end":{"line":21,"column":null}}},"1":{"name":"(anonymous_8)","decl":{"start":{"line":13,"column":78},"end":{"line":13,"column":null}},"loc":{"start":{"line":13,"column":78},"end":{"line":21,"column":3}}},"2":{"name":"(anonymous_9)","decl":{"start":{"line":23,"column":26},"end":{"line":23,"column":33}},"loc":{"start":{"line":23,"column":83},"end":{"line":31,"column":null}}},"3":{"name":"(anonymous_10)","decl":{"start":{"line":23,"column":83},"end":{"line":23,"column":null}},"loc":{"start":{"line":23,"column":83},"end":{"line":31,"column":3}}}},"branchMap":{},"s":{"0":1,"1":1,"2":1,"3":1,"4":0,"5":0,"6":0,"7":0,"8":0,"9":0,"10":1,"11":0,"12":0,"13":0,"14":0,"15":0,"16":0,"17":1},"f":{"0":0,"1":0,"2":0,"3":0},"b":{}}
,"C:\\Users\\Hugo\\Desktop\\CUARTO_CURSO_INGENIERIA\\TFG\\proyecto\\tfg\\backend\\controllers\\comentarioController.ts": {"path":"C:\\Users\\Hugo\\Desktop\\CUARTO_CURSO_INGENIERIA\\TFG\\proyecto\\tfg\\backend\\controllers\\comentarioController.ts","statementMap":{"0":{"start":{"line":3,"column":24},"end":{"line":3,"column":61}},"1":{"start":{"line":5,"column":27},"end":{"line":15,"column":null}},"2":{"start":{"line":5,"column":84},"end":{"line":15,"column":null}},"3":{"start":{"line":6,"column":4},"end":{"line":14,"column":null}},"4":{"start":{"line":7,"column":53},"end":{"line":7,"column":61}},"5":{"start":{"line":8,"column":20},"end":{"line":8,"column":114}},"6":{"start":{"line":9,"column":34},"end":{"line":9,"column":100}},"7":{"start":{"line":10,"column":6},"end":{"line":10,"column":33}},"8":{"start":{"line":11,"column":6},"end":{"line":11,"column":53}},"9":{"start":{"line":13,"column":6},"end":{"line":13,"column":54}},"10":{"start":{"line":17,"column":36},"end":{"line":27,"column":null}},"11":{"start":{"line":17,"column":93},"end":{"line":27,"column":null}},"12":{"start":{"line":18,"column":2},"end":{"line":26,"column":null}},"13":{"start":{"line":19,"column":79},"end":{"line":19,"column":87}},"14":{"start":{"line":20,"column":18},"end":{"line":20,"column":112}},"15":{"start":{"line":21,"column":32},"end":{"line":21,"column":126}},"16":{"start":{"line":22,"column":4},"end":{"line":22,"column":31}},"17":{"start":{"line":23,"column":4},"end":{"line":23,"column":51}},"18":{"start":{"line":25,"column":4},"end":{"line":25,"column":52}},"19":{"start":{"line":29,"column":23},"end":{"line":37,"column":null}},"20":{"start":{"line":29,"column":80},"end":{"line":37,"column":null}},"21":{"start":{"line":30,"column":2},"end":{"line":36,"column":null}},"22":{"start":{"line":31,"column":27},"end":{"line":31,"column":43}},"23":{"start":{"line":32,"column":24},"end":{"line":32,"column":140}},"24":{"start":{"line":33,"column":4},"end":{"line":33,"column":62}},"25":{"start":{"line":35,"column":4},"end":{"line":35,"column":39}},"26":{"start":{"line":39,"column":31},"end":{"line":47,"column":null}},"27":{"start":{"line":39,"column":88},"end":{"line":47,"column":null}},"28":{"start":{"line":40,"column":2},"end":{"line":46,"column":null}},"29":{"start":{"line":41,"column":23},"end":{"line":41,"column":39}},"30":{"start":{"line":42,"column":24},"end":{"line":42,"column":94}},"31":{"start":{"line":43,"column":4},"end":{"line":43,"column":62}},"32":{"start":{"line":45,"column":4},"end":{"line":45,"column":39}},"33":{"start":{"line":49,"column":39},"end":{"line":57,"column":null}},"34":{"start":{"line":49,"column":96},"end":{"line":57,"column":null}},"35":{"start":{"line":50,"column":2},"end":{"line":56,"column":null}},"36":{"start":{"line":51,"column":27},"end":{"line":51,"column":43}},"37":{"start":{"line":52,"column":4},"end":{"line":52,"column":71}},"38":{"start":{"line":53,"column":4},"end":{"line":53,"column":34}},"39":{"start":{"line":55,"column":4},"end":{"line":55,"column":39}},"40":{"start":{"line":59,"column":35},"end":{"line":71,"column":null}},"41":{"start":{"line":59,"column":92},"end":{"line":71,"column":null}},"42":{"start":{"line":60,"column":2},"end":{"line":70,"column":null}},"43":{"start":{"line":61,"column":23},"end":{"line":61,"column":38}},"44":{"start":{"line":62,"column":24},"end":{"line":62,"column":79}},"45":{"start":{"line":63,"column":4},"end":{"line":63,"column":66}},"46":{"start":{"line":64,"column":35},"end":{"line":64,"column":37}},"47":{"start":{"line":65,"column":4},"end":{"line":65,"column":null}},"48":{"start":{"line":65,"column":40},"end":{"line":65,"column":75}},"49":{"start":{"line":66,"column":4},"end":{"line":66,"column":74}},"50":{"start":{"line":67,"column":4},"end":{"line":67,"column":49}},"51":{"start":{"line":69,"column":4},"end":{"line":69,"column":39}},"52":{"start":{"line":73,"column":0},"end":{"line":73,"column":null}}},"fnMap":{"0":{"name":"(anonymous_7)","decl":{"start":{"line":5,"column":27},"end":{"line":5,"column":34}},"loc":{"start":{"line":5,"column":84},"end":{"line":15,"column":null}}},"1":{"name":"(anonymous_8)","decl":{"start":{"line":5,"column":84},"end":{"line":5,"column":null}},"loc":{"start":{"line":5,"column":84},"end":{"line":15,"column":1}}},"2":{"name":"(anonymous_9)","decl":{"start":{"line":17,"column":36},"end":{"line":17,"column":43}},"loc":{"start":{"line":17,"column":93},"end":{"line":27,"column":null}}},"3":{"name":"(anonymous_10)","decl":{"start":{"line":17,"column":93},"end":{"line":17,"column":null}},"loc":{"start":{"line":17,"column":93},"end":{"line":27,"column":1}}},"4":{"name":"(anonymous_11)","decl":{"start":{"line":29,"column":23},"end":{"line":29,"column":30}},"loc":{"start":{"line":29,"column":80},"end":{"line":37,"column":null}}},"5":{"name":"(anonymous_12)","decl":{"start":{"line":29,"column":80},"end":{"line":29,"column":null}},"loc":{"start":{"line":29,"column":80},"end":{"line":37,"column":1}}},"6":{"name":"(anonymous_13)","decl":{"start":{"line":39,"column":31},"end":{"line":39,"column":38}},"loc":{"start":{"line":39,"column":88},"end":{"line":47,"column":null}}},"7":{"name":"(anonymous_14)","decl":{"start":{"line":39,"column":88},"end":{"line":39,"column":null}},"loc":{"start":{"line":39,"column":88},"end":{"line":47,"column":1}}},"8":{"name":"(anonymous_15)","decl":{"start":{"line":49,"column":39},"end":{"line":49,"column":46}},"loc":{"start":{"line":49,"column":96},"end":{"line":57,"column":null}}},"9":{"name":"(anonymous_16)","decl":{"start":{"line":49,"column":96},"end":{"line":49,"column":null}},"loc":{"start":{"line":49,"column":96},"end":{"line":57,"column":1}}},"10":{"name":"(anonymous_17)","decl":{"start":{"line":59,"column":35},"end":{"line":59,"column":42}},"loc":{"start":{"line":59,"column":92},"end":{"line":71,"column":null}}},"11":{"name":"(anonymous_18)","decl":{"start":{"line":59,"column":92},"end":{"line":59,"column":null}},"loc":{"start":{"line":59,"column":92},"end":{"line":71,"column":1}}},"12":{"name":"(anonymous_19)","decl":{"start":{"line":65,"column":20},"end":{"line":65,"column":21}},"loc":{"start":{"line":65,"column":40},"end":{"line":65,"column":75}}}},"branchMap":{},"s":{"0":1,"1":1,"2":2,"3":2,"4":2,"5":2,"6":2,"7":2,"8":2,"9":0,"10":1,"11":1,"12":1,"13":1,"14":1,"15":1,"16":1,"17":1,"18":0,"19":1,"20":5,"21":5,"22":5,"23":5,"24":5,"25":0,"26":1,"27":1,"28":1,"29":1,"30":1,"31":1,"32":0,"33":1,"34":1,"35":1,"36":1,"37":1,"38":1,"39":0,"40":1,"41":1,"42":1,"43":1,"44":1,"45":1,"46":1,"47":1,"48":1,"49":1,"50":1,"51":0,"52":1},"f":{"0":2,"1":2,"2":1,"3":1,"4":5,"5":5,"6":1,"7":1,"8":1,"9":1,"10":1,"11":1,"12":1},"b":{}}
,"C:\\Users\\Hugo\\Desktop\\CUARTO_CURSO_INGENIERIA\\TFG\\proyecto\\tfg\\backend\\controllers\\publicacionController.ts": {"path":"C:\\Users\\Hugo\\Desktop\\CUARTO_CURSO_INGENIERIA\\TFG\\proyecto\\tfg\\backend\\controllers\\publicacionController.ts","statementMap":{"0":{"start":{"line":3,"column":25},"end":{"line":3,"column":62}},"1":{"start":{"line":5,"column":24},"end":{"line":5,"column":61}},"2":{"start":{"line":7,"column":25},"end":{"line":27,"column":null}},"3":{"start":{"line":7,"column":82},"end":{"line":27,"column":null}},"4":{"start":{"line":8,"column":4},"end":{"line":26,"column":null}},"5":{"start":{"line":9,"column":25},"end":{"line":9,"column":41}},"6":{"start":{"line":10,"column":20},"end":{"line":10,"column":36}},"7":{"start":{"line":12,"column":6},"end":{"line":16,"column":null}},"8":{"start":{"line":13,"column":8},"end":{"line":13,"column":96}},"9":{"start":{"line":15,"column":8},"end":{"line":15,"column":null}},"10":{"start":{"line":17,"column":6},"end":{"line":22,"column":null}},"11":{"start":{"line":18,"column":8},"end":{"line":18,"column":59}},"12":{"start":{"line":21,"column":8},"end":{"line":21,"column":70}},"13":{"start":{"line":24,"column":6},"end":{"line":24,"column":null}},"14":{"start":{"line":25,"column":6},"end":{"line":25,"column":41}},"15":{"start":{"line":29,"column":31},"end":{"line":48,"column":null}},"16":{"start":{"line":29,"column":88},"end":{"line":48,"column":null}},"17":{"start":{"line":30,"column":2},"end":{"line":47,"column":null}},"18":{"start":{"line":31,"column":23},"end":{"line":31,"column":39}},"19":{"start":{"line":32,"column":17},"end":{"line":32,"column":32}},"20":{"start":{"line":33,"column":18},"end":{"line":33,"column":34}},"21":{"start":{"line":35,"column":4},"end":{"line":38,"column":null}},"22":{"start":{"line":36,"column":6},"end":{"line":36,"column":117}},"23":{"start":{"line":38,"column":6},"end":{"line":38,"column":null}},"24":{"start":{"line":39,"column":4},"end":{"line":44,"column":null}},"25":{"start":{"line":40,"column":6},"end":{"line":40,"column":57}},"26":{"start":{"line":43,"column":6},"end":{"line":43,"column":68}},"27":{"start":{"line":46,"column":4},"end":{"line":46,"column":39}},"28":{"start":{"line":50,"column":23},"end":{"line":58,"column":null}},"29":{"start":{"line":50,"column":80},"end":{"line":58,"column":null}},"30":{"start":{"line":51,"column":2},"end":{"line":57,"column":null}},"31":{"start":{"line":52,"column":27},"end":{"line":52,"column":43}},"32":{"start":{"line":53,"column":24},"end":{"line":53,"column":77}},"33":{"start":{"line":54,"column":4},"end":{"line":54,"column":62}},"34":{"start":{"line":56,"column":4},"end":{"line":56,"column":39}},"35":{"start":{"line":60,"column":28},"end":{"line":71,"column":null}},"36":{"start":{"line":60,"column":85},"end":{"line":71,"column":null}},"37":{"start":{"line":61,"column":2},"end":{"line":70,"column":null}},"38":{"start":{"line":62,"column":68},"end":{"line":62,"column":76}},"39":{"start":{"line":63,"column":18},"end":{"line":63,"column":112}},"40":{"start":{"line":64,"column":28},"end":{"line":64,"column":30}},"41":{"start":{"line":65,"column":33},"end":{"line":65,"column":124}},"42":{"start":{"line":66,"column":4},"end":{"line":66,"column":32}},"43":{"start":{"line":67,"column":4},"end":{"line":67,"column":61}},"44":{"start":{"line":69,"column":4},"end":{"line":69,"column":39}},"45":{"start":{"line":73,"column":24},"end":{"line":89,"column":null}},"46":{"start":{"line":73,"column":81},"end":{"line":89,"column":null}},"47":{"start":{"line":74,"column":2},"end":{"line":88,"column":null}},"48":{"start":{"line":75,"column":19},"end":{"line":75,"column":42}},"49":{"start":{"line":76,"column":32},"end":{"line":76,"column":77}},"50":{"start":{"line":77,"column":4},"end":{"line":77,"column":47}},"51":{"start":{"line":78,"column":4},"end":{"line":84,"column":null}},"52":{"start":{"line":79,"column":6},"end":{"line":79,"column":72}},"53":{"start":{"line":82,"column":6},"end":{"line":82,"column":null}},"54":{"start":{"line":83,"column":6},"end":{"line":83,"column":56}},"55":{"start":{"line":87,"column":4},"end":{"line":87,"column":39}},"56":{"start":{"line":91,"column":28},"end":{"line":109,"column":null}},"57":{"start":{"line":91,"column":85},"end":{"line":109,"column":null}},"58":{"start":{"line":92,"column":2},"end":{"line":108,"column":null}},"59":{"start":{"line":93,"column":19},"end":{"line":93,"column":34}},"60":{"start":{"line":94,"column":19},"end":{"line":94,"column":33}},"61":{"start":{"line":95,"column":32},"end":{"line":95,"column":77}},"62":{"start":{"line":96,"column":4},"end":{"line":97,"column":36}},"63":{"start":{"line":97,"column":6},"end":{"line":97,"column":36}},"64":{"start":{"line":98,"column":20},"end":{"line":98,"column":87}},"65":{"start":{"line":99,"column":4},"end":{"line":99,"column":63}},"66":{"start":{"line":100,"column":4},"end":{"line":105,"column":null}},"67":{"start":{"line":101,"column":6},"end":{"line":101,"column":53}},"68":{"start":{"line":104,"column":6},"end":{"line":104,"column":54}},"69":{"start":{"line":107,"column":4},"end":{"line":107,"column":39}},"70":{"start":{"line":111,"column":37},"end":{"line":119,"column":null}},"71":{"start":{"line":111,"column":94},"end":{"line":119,"column":null}},"72":{"start":{"line":112,"column":2},"end":{"line":118,"column":null}},"73":{"start":{"line":113,"column":19},"end":{"line":113,"column":34}},"74":{"start":{"line":114,"column":4},"end":{"line":114,"column":60}},"75":{"start":{"line":115,"column":4},"end":{"line":115,"column":51}},"76":{"start":{"line":117,"column":4},"end":{"line":117,"column":39}},"77":{"start":{"line":121,"column":26},"end":{"line":137,"column":null}},"78":{"start":{"line":121,"column":83},"end":{"line":137,"column":null}},"79":{"start":{"line":122,"column":2},"end":{"line":136,"column":null}},"80":{"start":{"line":123,"column":27},"end":{"line":123,"column":43}},"81":{"start":{"line":124,"column":24},"end":{"line":124,"column":32}},"82":{"start":{"line":125,"column":32},"end":{"line":125,"column":85}},"83":{"start":{"line":126,"column":4},"end":{"line":132,"column":null}},"84":{"start":{"line":127,"column":6},"end":{"line":127,"column":56}},"85":{"start":{"line":130,"column":6},"end":{"line":130,"column":null}},"86":{"start":{"line":131,"column":6},"end":{"line":131,"column":55}},"87":{"start":{"line":135,"column":4},"end":{"line":135,"column":39}},"88":{"start":{"line":139,"column":34},"end":{"line":155,"column":null}},"89":{"start":{"line":139,"column":91},"end":{"line":155,"column":null}},"90":{"start":{"line":140,"column":2},"end":{"line":154,"column":null}},"91":{"start":{"line":142,"column":17},"end":{"line":142,"column":32}},"92":{"start":{"line":144,"column":26},"end":{"line":144,"column":94}},"93":{"start":{"line":145,"column":4},"end":{"line":150,"column":null}},"94":{"start":{"line":146,"column":6},"end":{"line":146,"column":57}},"95":{"start":{"line":149,"column":6},"end":{"line":149,"column":68}},"96":{"start":{"line":152,"column":4},"end":{"line":152,"column":null}},"97":{"start":{"line":153,"column":4},"end":{"line":153,"column":39}},"98":{"start":{"line":157,"column":0},"end":{"line":157,"column":null}}},"fnMap":{"0":{"name":"(anonymous_7)","decl":{"start":{"line":7,"column":25},"end":{"line":7,"column":32}},"loc":{"start":{"line":7,"column":82},"end":{"line":27,"column":null}}},"1":{"name":"(anonymous_8)","decl":{"start":{"line":7,"column":82},"end":{"line":7,"column":null}},"loc":{"start":{"line":7,"column":82},"end":{"line":27,"column":1}}},"2":{"name":"(anonymous_9)","decl":{"start":{"line":29,"column":31},"end":{"line":29,"column":38}},"loc":{"start":{"line":29,"column":88},"end":{"line":48,"column":null}}},"3":{"name":"(anonymous_10)","decl":{"start":{"line":29,"column":88},"end":{"line":29,"column":null}},"loc":{"start":{"line":29,"column":88},"end":{"line":48,"column":1}}},"4":{"name":"(anonymous_11)","decl":{"start":{"line":50,"column":23},"end":{"line":50,"column":30}},"loc":{"start":{"line":50,"column":80},"end":{"line":58,"column":null}}},"5":{"name":"(anonymous_12)","decl":{"start":{"line":50,"column":80},"end":{"line":50,"column":null}},"loc":{"start":{"line":50,"column":80},"end":{"line":58,"column":1}}},"6":{"name":"(anonymous_13)","decl":{"start":{"line":60,"column":28},"end":{"line":60,"column":35}},"loc":{"start":{"line":60,"column":85},"end":{"line":71,"column":null}}},"7":{"name":"(anonymous_14)","decl":{"start":{"line":60,"column":85},"end":{"line":60,"column":null}},"loc":{"start":{"line":60,"column":85},"end":{"line":71,"column":1}}},"8":{"name":"(anonymous_15)","decl":{"start":{"line":73,"column":24},"end":{"line":73,"column":31}},"loc":{"start":{"line":73,"column":81},"end":{"line":89,"column":null}}},"9":{"name":"(anonymous_16)","decl":{"start":{"line":73,"column":81},"end":{"line":73,"column":null}},"loc":{"start":{"line":73,"column":81},"end":{"line":89,"column":1}}},"10":{"name":"(anonymous_17)","decl":{"start":{"line":91,"column":28},"end":{"line":91,"column":35}},"loc":{"start":{"line":91,"column":85},"end":{"line":109,"column":null}}},"11":{"name":"(anonymous_18)","decl":{"start":{"line":91,"column":85},"end":{"line":91,"column":null}},"loc":{"start":{"line":91,"column":85},"end":{"line":109,"column":1}}},"12":{"name":"(anonymous_19)","decl":{"start":{"line":111,"column":37},"end":{"line":111,"column":44}},"loc":{"start":{"line":111,"column":94},"end":{"line":119,"column":null}}},"13":{"name":"(anonymous_20)","decl":{"start":{"line":111,"column":94},"end":{"line":111,"column":null}},"loc":{"start":{"line":111,"column":94},"end":{"line":119,"column":1}}},"14":{"name":"(anonymous_21)","decl":{"start":{"line":121,"column":26},"end":{"line":121,"column":33}},"loc":{"start":{"line":121,"column":83},"end":{"line":137,"column":null}}},"15":{"name":"(anonymous_22)","decl":{"start":{"line":121,"column":83},"end":{"line":121,"column":null}},"loc":{"start":{"line":121,"column":83},"end":{"line":137,"column":1}}},"16":{"name":"(anonymous_23)","decl":{"start":{"line":139,"column":34},"end":{"line":139,"column":41}},"loc":{"start":{"line":139,"column":91},"end":{"line":155,"column":null}}},"17":{"name":"(anonymous_24)","decl":{"start":{"line":139,"column":91},"end":{"line":139,"column":null}},"loc":{"start":{"line":139,"column":91},"end":{"line":155,"column":1}}}},"branchMap":{"0":{"loc":{"start":{"line":12,"column":6},"end":{"line":16,"column":null}},"type":"if","locations":[{"start":{"line":12,"column":6},"end":{"line":16,"column":null}},{"start":{"line":14,"column":10},"end":{"line":16,"column":null}}]},"1":{"loc":{"start":{"line":17,"column":6},"end":{"line":22,"column":null}},"type":"if","locations":[{"start":{"line":17,"column":6},"end":{"line":22,"column":null}},{"start":{"line":20,"column":10},"end":{"line":22,"column":null}}]},"2":{"loc":{"start":{"line":35,"column":4},"end":{"line":38,"column":null}},"type":"if","locations":[{"start":{"line":35,"column":4},"end":{"line":38,"column":null}},{"start":{"line":38,"column":6},"end":{"line":38,"column":null}}]},"3":{"loc":{"start":{"line":39,"column":4},"end":{"line":44,"column":null}},"type":"if","locations":[{"start":{"line":39,"column":4},"end":{"line":44,"column":null}},{"start":{"line":42,"column":8},"end":{"line":44,"column":null}}]},"4":{"loc":{"start":{"line":78,"column":4},"end":{"line":84,"column":null}},"type":"if","locations":[{"start":{"line":78,"column":4},"end":{"line":84,"column":null}},{"start":{"line":81,"column":8},"end":{"line":84,"column":null}}]},"5":{"loc":{"start":{"line":96,"column":4},"end":{"line":97,"column":36}},"type":"if","locations":[{"start":{"line":96,"column":4},"end":{"line":97,"column":36}}]},"6":{"loc":{"start":{"line":100,"column":4},"end":{"line":105,"column":null}},"type":"if","locations":[{"start":{"line":100,"column":4},"end":{"line":105,"column":null}},{"start":{"line":103,"column":8},"end":{"line":105,"column":null}}]},"7":{"loc":{"start":{"line":126,"column":4},"end":{"line":132,"column":null}},"type":"if","locations":[{"start":{"line":126,"column":4},"end":{"line":132,"column":null}},{"start":{"line":129,"column":8},"end":{"line":132,"column":null}}]},"8":{"loc":{"start":{"line":145,"column":4},"end":{"line":150,"column":null}},"type":"if","locations":[{"start":{"line":145,"column":4},"end":{"line":150,"column":null}},{"start":{"line":148,"column":8},"end":{"line":150,"column":null}}]}},"s":{"0":1,"1":1,"2":1,"3":8,"4":8,"5":8,"6":8,"7":8,"8":7,"9":1,"10":8,"11":0,"12":8,"13":0,"14":0,"15":1,"16":2,"17":2,"18":2,"19":2,"20":2,"21":2,"22":1,"23":1,"24":2,"25":0,"26":2,"27":0,"28":1,"29":1,"30":1,"31":1,"32":1,"33":1,"34":0,"35":1,"36":2,"37":2,"38":2,"39":2,"40":2,"41":2,"42":2,"43":2,"44":0,"45":1,"46":0,"47":0,"48":0,"49":0,"50":0,"51":0,"52":0,"53":0,"54":0,"55":0,"56":1,"57":1,"58":1,"59":1,"60":1,"61":1,"62":1,"63":0,"64":1,"65":1,"66":1,"67":1,"68":0,"69":0,"70":1,"71":1,"72":1,"73":1,"74":1,"75":1,"76":0,"77":1,"78":1,"79":1,"80":1,"81":1,"82":1,"83":1,"84":0,"85":1,"86":1,"87":0,"88":1,"89":1,"90":1,"91":1,"92":1,"93":1,"94":0,"95":1,"96":0,"97":0,"98":1},"f":{"0":8,"1":8,"2":2,"3":2,"4":1,"5":1,"6":2,"7":2,"8":0,"9":0,"10":1,"11":1,"12":1,"13":1,"14":1,"15":1,"16":1,"17":1},"b":{"0":[7,1],"1":[0,8],"2":[1,1],"3":[0,2],"4":[0,0],"5":[0],"6":[1,0],"7":[0,1],"8":[0,1]}}
,"C:\\Users\\Hugo\\Desktop\\CUARTO_CURSO_INGENIERIA\\TFG\\proyecto\\tfg\\backend\\controllers\\seguidorController.ts": {"path":"C:\\Users\\Hugo\\Desktop\\CUARTO_CURSO_INGENIERIA\\TFG\\proyecto\\tfg\\backend\\controllers\\seguidorController.ts","statementMap":{"0":{"start":{"line":3,"column":22},"end":{"line":3,"column":58}},"1":{"start":{"line":5,"column":22},"end":{"line":18,"column":null}},"2":{"start":{"line":5,"column":79},"end":{"line":18,"column":null}},"3":{"start":{"line":6,"column":4},"end":{"line":17,"column":null}},"4":{"start":{"line":7,"column":25},"end":{"line":7,"column":41}},"5":{"start":{"line":8,"column":25},"end":{"line":8,"column":75}},"6":{"start":{"line":9,"column":6},"end":{"line":14,"column":null}},"7":{"start":{"line":10,"column":8},"end":{"line":10,"column":56}},"8":{"start":{"line":13,"column":8},"end":{"line":13,"column":64}},"9":{"start":{"line":16,"column":6},"end":{"line":16,"column":41}},"10":{"start":{"line":20,"column":19},"end":{"line":34,"column":null}},"11":{"start":{"line":20,"column":76},"end":{"line":34,"column":null}},"12":{"start":{"line":21,"column":2},"end":{"line":33,"column":null}},"13":{"start":{"line":22,"column":23},"end":{"line":22,"column":39}},"14":{"start":{"line":23,"column":24},"end":{"line":23,"column":40}},"15":{"start":{"line":24,"column":23},"end":{"line":24,"column":102}},"16":{"start":{"line":25,"column":4},"end":{"line":30,"column":null}},"17":{"start":{"line":26,"column":6},"end":{"line":26,"column":57}},"18":{"start":{"line":29,"column":6},"end":{"line":29,"column":56}},"19":{"start":{"line":32,"column":4},"end":{"line":32,"column":39}},"20":{"start":{"line":36,"column":15},"end":{"line":47,"column":null}},"21":{"start":{"line":36,"column":72},"end":{"line":47,"column":null}},"22":{"start":{"line":37,"column":2},"end":{"line":46,"column":null}},"23":{"start":{"line":38,"column":23},"end":{"line":38,"column":38}},"24":{"start":{"line":39,"column":24},"end":{"line":39,"column":38}},"25":{"start":{"line":40,"column":18},"end":{"line":40,"column":112}},"26":{"start":{"line":41,"column":30},"end":{"line":41,"column":81}},"27":{"start":{"line":42,"column":4},"end":{"line":42,"column":29}},"28":{"start":{"line":43,"column":4},"end":{"line":43,"column":50}},"29":{"start":{"line":45,"column":4},"end":{"line":45,"column":39}},"30":{"start":{"line":49,"column":22},"end":{"line":63,"column":null}},"31":{"start":{"line":49,"column":79},"end":{"line":63,"column":null}},"32":{"start":{"line":50,"column":2},"end":{"line":62,"column":null}},"33":{"start":{"line":51,"column":23},"end":{"line":51,"column":38}},"34":{"start":{"line":52,"column":24},"end":{"line":52,"column":38}},"35":{"start":{"line":53,"column":20},"end":{"line":53,"column":101}},"36":{"start":{"line":54,"column":4},"end":{"line":59,"column":null}},"37":{"start":{"line":55,"column":6},"end":{"line":55,"column":53}},"38":{"start":{"line":58,"column":6},"end":{"line":58,"column":54}},"39":{"start":{"line":61,"column":4},"end":{"line":61,"column":39}},"40":{"start":{"line":65,"column":26},"end":{"line":77,"column":null}},"41":{"start":{"line":65,"column":83},"end":{"line":77,"column":null}},"42":{"start":{"line":66,"column":2},"end":{"line":76,"column":null}},"43":{"start":{"line":67,"column":23},"end":{"line":67,"column":40}},"44":{"start":{"line":68,"column":18},"end":{"line":68,"column":69}},"45":{"start":{"line":69,"column":29},"end":{"line":69,"column":31}},"46":{"start":{"line":70,"column":4},"end":{"line":72,"column":null}},"47":{"start":{"line":71,"column":6},"end":{"line":71,"column":null}},"48":{"start":{"line":73,"column":4},"end":{"line":73,"column":59}},"49":{"start":{"line":75,"column":4},"end":{"line":75,"column":39}},"50":{"start":{"line":79,"column":25},"end":{"line":91,"column":null}},"51":{"start":{"line":79,"column":82},"end":{"line":91,"column":null}},"52":{"start":{"line":80,"column":2},"end":{"line":90,"column":null}},"53":{"start":{"line":81,"column":23},"end":{"line":81,"column":40}},"54":{"start":{"line":82,"column":18},"end":{"line":82,"column":68}},"55":{"start":{"line":83,"column":29},"end":{"line":83,"column":31}},"56":{"start":{"line":84,"column":4},"end":{"line":86,"column":null}},"57":{"start":{"line":85,"column":6},"end":{"line":85,"column":null}},"58":{"start":{"line":87,"column":4},"end":{"line":87,"column":59}},"59":{"start":{"line":89,"column":4},"end":{"line":89,"column":39}},"60":{"start":{"line":93,"column":29},"end":{"line":103,"column":null}},"61":{"start":{"line":93,"column":86},"end":{"line":103,"column":null}},"62":{"start":{"line":94,"column":2},"end":{"line":102,"column":null}},"63":{"start":{"line":95,"column":23},"end":{"line":95,"column":38}},"64":{"start":{"line":96,"column":4},"end":{"line":96,"column":61}},"65":{"start":{"line":97,"column":4},"end":{"line":97,"column":62}},"66":{"start":{"line":98,"column":4},"end":{"line":98,"column":51}},"67":{"start":{"line":100,"column":4},"end":{"line":100,"column":null}},"68":{"start":{"line":101,"column":4},"end":{"line":101,"column":39}},"69":{"start":{"line":105,"column":0},"end":{"line":105,"column":null}}},"fnMap":{"0":{"name":"(anonymous_7)","decl":{"start":{"line":5,"column":22},"end":{"line":5,"column":29}},"loc":{"start":{"line":5,"column":79},"end":{"line":18,"column":null}}},"1":{"name":"(anonymous_8)","decl":{"start":{"line":5,"column":79},"end":{"line":5,"column":null}},"loc":{"start":{"line":5,"column":79},"end":{"line":18,"column":1}}},"2":{"name":"(anonymous_9)","decl":{"start":{"line":20,"column":19},"end":{"line":20,"column":26}},"loc":{"start":{"line":20,"column":76},"end":{"line":34,"column":null}}},"3":{"name":"(anonymous_10)","decl":{"start":{"line":20,"column":76},"end":{"line":20,"column":null}},"loc":{"start":{"line":20,"column":76},"end":{"line":34,"column":1}}},"4":{"name":"(anonymous_11)","decl":{"start":{"line":36,"column":15},"end":{"line":36,"column":22}},"loc":{"start":{"line":36,"column":72},"end":{"line":47,"column":null}}},"5":{"name":"(anonymous_12)","decl":{"start":{"line":36,"column":72},"end":{"line":36,"column":null}},"loc":{"start":{"line":36,"column":72},"end":{"line":47,"column":1}}},"6":{"name":"(anonymous_13)","decl":{"start":{"line":49,"column":22},"end":{"line":49,"column":29}},"loc":{"start":{"line":49,"column":79},"end":{"line":63,"column":null}}},"7":{"name":"(anonymous_14)","decl":{"start":{"line":49,"column":79},"end":{"line":49,"column":null}},"loc":{"start":{"line":49,"column":79},"end":{"line":63,"column":1}}},"8":{"name":"(anonymous_15)","decl":{"start":{"line":65,"column":26},"end":{"line":65,"column":33}},"loc":{"start":{"line":65,"column":83},"end":{"line":77,"column":null}}},"9":{"name":"(anonymous_16)","decl":{"start":{"line":65,"column":83},"end":{"line":65,"column":null}},"loc":{"start":{"line":65,"column":83},"end":{"line":77,"column":1}}},"10":{"name":"(anonymous_17)","decl":{"start":{"line":70,"column":14},"end":{"line":70,"column":15}},"loc":{"start":{"line":70,"column":28},"end":{"line":72,"column":5}}},"11":{"name":"(anonymous_18)","decl":{"start":{"line":79,"column":25},"end":{"line":79,"column":32}},"loc":{"start":{"line":79,"column":82},"end":{"line":91,"column":null}}},"12":{"name":"(anonymous_19)","decl":{"start":{"line":79,"column":82},"end":{"line":79,"column":null}},"loc":{"start":{"line":79,"column":82},"end":{"line":91,"column":1}}},"13":{"name":"(anonymous_20)","decl":{"start":{"line":84,"column":14},"end":{"line":84,"column":15}},"loc":{"start":{"line":84,"column":28},"end":{"line":86,"column":5}}},"14":{"name":"(anonymous_21)","decl":{"start":{"line":93,"column":29},"end":{"line":93,"column":36}},"loc":{"start":{"line":93,"column":86},"end":{"line":103,"column":null}}},"15":{"name":"(anonymous_22)","decl":{"start":{"line":93,"column":86},"end":{"line":93,"column":null}},"loc":{"start":{"line":93,"column":86},"end":{"line":103,"column":1}}}},"branchMap":{"0":{"loc":{"start":{"line":9,"column":6},"end":{"line":14,"column":null}},"type":"if","locations":[{"start":{"line":9,"column":6},"end":{"line":14,"column":null}},{"start":{"line":12,"column":10},"end":{"line":14,"column":null}}]},"1":{"loc":{"start":{"line":25,"column":4},"end":{"line":30,"column":null}},"type":"if","locations":[{"start":{"line":25,"column":4},"end":{"line":30,"column":null}},{"start":{"line":28,"column":8},"end":{"line":30,"column":null}}]},"2":{"loc":{"start":{"line":54,"column":4},"end":{"line":59,"column":null}},"type":"if","locations":[{"start":{"line":54,"column":4},"end":{"line":59,"column":null}},{"start":{"line":57,"column":8},"end":{"line":59,"column":null}}]}},"s":{"0":1,"1":1,"2":1,"3":1,"4":1,"5":1,"6":1,"7":0,"8":1,"9":0,"10":1,"11":2,"12":2,"13":2,"14":2,"15":2,"16":2,"17":1,"18":1,"19":0,"20":1,"21":2,"22":2,"23":2,"24":2,"25":2,"26":2,"27":2,"28":2,"29":0,"30":1,"31":1,"32":1,"33":1,"34":1,"35":1,"36":1,"37":1,"38":0,"39":0,"40":1,"41":1,"42":1,"43":1,"44":1,"45":1,"46":1,"47":1,"48":1,"49":0,"50":1,"51":2,"52":2,"53":2,"54":2,"55":2,"56":2,"57":3,"58":2,"59":0,"60":1,"61":1,"62":1,"63":1,"64":1,"65":1,"66":1,"67":0,"68":0,"69":1},"f":{"0":1,"1":1,"2":2,"3":2,"4":2,"5":2,"6":1,"7":1,"8":1,"9":1,"10":1,"11":2,"12":2,"13":3,"14":1,"15":1},"b":{"0":[0,1],"1":[1,1],"2":[1,0]}}
,"C:\\Users\\Hugo\\Desktop\\CUARTO_CURSO_INGENIERIA\\TFG\\proyecto\\tfg\\backend\\controllers\\spotifyController.ts": {"path":"C:\\Users\\Hugo\\Desktop\\CUARTO_CURSO_INGENIERIA\\TFG\\proyecto\\tfg\\backend\\controllers\\spotifyController.ts","statementMap":{"0":{"start":{"line":3,"column":0},"end":{"line":3,"column":27}},"1":{"start":{"line":5,"column":17},"end":{"line":5,"column":48}},"2":{"start":{"line":7,"column":14},"end":{"line":10,"column":2}},"3":{"start":{"line":12,"column":17},"end":{"line":21,"column":null}},"4":{"start":{"line":12,"column":28},"end":{"line":21,"column":null}},"5":{"start":{"line":13,"column":4},"end":{"line":20,"column":null}},"6":{"start":{"line":15,"column":12},"end":{"line":15,"column":62}},"7":{"start":{"line":18,"column":12},"end":{"line":18,"column":null}},"8":{"start":{"line":23,"column":19},"end":{"line":35,"column":null}},"9":{"start":{"line":23,"column":97},"end":{"line":35,"column":null}},"10":{"start":{"line":24,"column":4},"end":{"line":34,"column":null}},"11":{"start":{"line":25,"column":25},"end":{"line":25,"column":44}},"12":{"start":{"line":26,"column":24},"end":{"line":26,"column":57}},"13":{"start":{"line":27,"column":8},"end":{"line":27,"column":61}},"14":{"start":{"line":29,"column":8},"end":{"line":32,"column":null}},"15":{"start":{"line":30,"column":12},"end":{"line":30,"column":null}},"16":{"start":{"line":31,"column":12},"end":{"line":31,"column":null}},"17":{"start":{"line":33,"column":8},"end":{"line":33,"column":43}},"18":{"start":{"line":37,"column":26},"end":{"line":46,"column":null}},"19":{"start":{"line":37,"column":83},"end":{"line":46,"column":null}},"20":{"start":{"line":38,"column":4},"end":{"line":45,"column":null}},"21":{"start":{"line":40,"column":25},"end":{"line":40,"column":44}},"22":{"start":{"line":41,"column":24},"end":{"line":41,"column":88}},"23":{"start":{"line":42,"column":8},"end":{"line":42,"column":67}},"24":{"start":{"line":44,"column":8},"end":{"line":44,"column":43}},"25":{"start":{"line":48,"column":35},"end":{"line":58,"column":null}},"26":{"start":{"line":48,"column":92},"end":{"line":58,"column":null}},"27":{"start":{"line":49,"column":4},"end":{"line":57,"column":null}},"28":{"start":{"line":51,"column":25},"end":{"line":51,"column":44}},"29":{"start":{"line":52,"column":21},"end":{"line":52,"column":36}},"30":{"start":{"line":53,"column":26},"end":{"line":53,"column":74}},"31":{"start":{"line":54,"column":8},"end":{"line":54,"column":72}},"32":{"start":{"line":56,"column":8},"end":{"line":56,"column":43}},"33":{"start":{"line":60,"column":29},"end":{"line":69,"column":null}},"34":{"start":{"line":60,"column":86},"end":{"line":69,"column":null}},"35":{"start":{"line":61,"column":4},"end":{"line":68,"column":null}},"36":{"start":{"line":63,"column":25},"end":{"line":63,"column":44}},"37":{"start":{"line":64,"column":29},"end":{"line":64,"column":76}},"38":{"start":{"line":65,"column":8},"end":{"line":65,"column":79}},"39":{"start":{"line":67,"column":8},"end":{"line":67,"column":43}},"40":{"start":{"line":71,"column":0},"end":{"line":71,"column":11}},"41":{"start":{"line":73,"column":0},"end":{"line":73,"column":null}}},"fnMap":{"0":{"name":"(anonymous_7)","decl":{"start":{"line":12,"column":17},"end":{"line":12,"column":26}},"loc":{"start":{"line":12,"column":28},"end":{"line":21,"column":null}}},"1":{"name":"(anonymous_8)","decl":{"start":{"line":12,"column":28},"end":{"line":12,"column":null}},"loc":{"start":{"line":12,"column":28},"end":{"line":21,"column":1}}},"2":{"name":"(anonymous_9)","decl":{"start":{"line":14,"column":8},"end":{"line":14,"column":17}},"loc":{"start":{"line":14,"column":26},"end":{"line":16,"column":13}}},"3":{"name":"(anonymous_10)","decl":{"start":{"line":17,"column":8},"end":{"line":17,"column":17}},"loc":{"start":{"line":17,"column":27},"end":{"line":19,"column":13}}},"4":{"name":"(anonymous_11)","decl":{"start":{"line":23,"column":19},"end":{"line":23,"column":26}},"loc":{"start":{"line":23,"column":97},"end":{"line":35,"column":null}}},"5":{"name":"(anonymous_12)","decl":{"start":{"line":23,"column":97},"end":{"line":23,"column":null}},"loc":{"start":{"line":23,"column":97},"end":{"line":35,"column":1}}},"6":{"name":"(anonymous_13)","decl":{"start":{"line":37,"column":26},"end":{"line":37,"column":33}},"loc":{"start":{"line":37,"column":83},"end":{"line":46,"column":null}}},"7":{"name":"(anonymous_14)","decl":{"start":{"line":37,"column":83},"end":{"line":37,"column":null}},"loc":{"start":{"line":37,"column":83},"end":{"line":46,"column":1}}},"8":{"name":"(anonymous_15)","decl":{"start":{"line":48,"column":35},"end":{"line":48,"column":42}},"loc":{"start":{"line":48,"column":92},"end":{"line":58,"column":null}}},"9":{"name":"(anonymous_16)","decl":{"start":{"line":48,"column":92},"end":{"line":48,"column":null}},"loc":{"start":{"line":48,"column":92},"end":{"line":58,"column":1}}},"10":{"name":"(anonymous_17)","decl":{"start":{"line":60,"column":29},"end":{"line":60,"column":36}},"loc":{"start":{"line":60,"column":86},"end":{"line":69,"column":null}}},"11":{"name":"(anonymous_18)","decl":{"start":{"line":60,"column":86},"end":{"line":60,"column":null}},"loc":{"start":{"line":60,"column":86},"end":{"line":69,"column":1}}}},"branchMap":{"0":{"loc":{"start":{"line":29,"column":8},"end":{"line":32,"column":null}},"type":"if","locations":[{"start":{"line":29,"column":8},"end":{"line":32,"column":null}}]}},"s":{"0":1,"1":1,"2":1,"3":1,"4":1,"5":1,"6":0,"7":1,"8":1,"9":0,"10":0,"11":0,"12":0,"13":0,"14":0,"15":0,"16":0,"17":0,"18":1,"19":0,"20":0,"21":0,"22":0,"23":0,"24":0,"25":1,"26":0,"27":0,"28":0,"29":0,"30":0,"31":0,"32":0,"33":1,"34":0,"35":0,"36":0,"37":0,"38":0,"39":0,"40":1,"41":1},"f":{"0":1,"1":1,"2":0,"3":1,"4":0,"5":0,"6":0,"7":0,"8":0,"9":0,"10":0,"11":0},"b":{"0":[0]}}
,"C:\\Users\\Hugo\\Desktop\\CUARTO_CURSO_INGENIERIA\\TFG\\proyecto\\tfg\\backend\\controllers\\usuarioController.ts": {"path":"C:\\Users\\Hugo\\Desktop\\CUARTO_CURSO_INGENIERIA\\TFG\\proyecto\\tfg\\backend\\controllers\\usuarioController.ts","statementMap":{"0":{"start":{"line":3,"column":22},"end":{"line":3,"column":55}},"1":{"start":{"line":4,"column":40},"end":{"line":4,"column":79}},"2":{"start":{"line":5,"column":14},"end":{"line":5,"column":30}},"3":{"start":{"line":7,"column":0},"end":{"line":7,"column":27}},"4":{"start":{"line":9,"column":28},"end":{"line":28,"column":null}},"5":{"start":{"line":9,"column":85},"end":{"line":28,"column":null}},"6":{"start":{"line":10,"column":2},"end":{"line":27,"column":null}},"7":{"start":{"line":11,"column":33},"end":{"line":11,"column":41}},"8":{"start":{"line":12,"column":28},"end":{"line":12,"column":73}},"9":{"start":{"line":13,"column":4},"end":{"line":24,"column":null}},"10":{"start":{"line":14,"column":6},"end":{"line":14,"column":67}},"11":{"start":{"line":17,"column":33},"end":{"line":17,"column":97}},"12":{"start":{"line":18,"column":6},"end":{"line":23,"column":null}},"13":{"start":{"line":19,"column":8},"end":{"line":19,"column":64}},"14":{"start":{"line":22,"column":8},"end":{"line":22,"column":64}},"15":{"start":{"line":26,"column":4},"end":{"line":26,"column":39}},"16":{"start":{"line":9,"column":13},"end":{"line":9,"column":28}},"17":{"start":{"line":30,"column":31},"end":{"line":48,"column":null}},"18":{"start":{"line":30,"column":88},"end":{"line":48,"column":null}},"19":{"start":{"line":31,"column":2},"end":{"line":47,"column":null}},"20":{"start":{"line":32,"column":124},"end":{"line":32,"column":132}},"21":{"start":{"line":34,"column":28},"end":{"line":34,"column":73}},"22":{"start":{"line":35,"column":4},"end":{"line":44,"column":null}},"23":{"start":{"line":36,"column":6},"end":{"line":36,"column":51}},"24":{"start":{"line":39,"column":25},"end":{"line":39,"column":52}},"25":{"start":{"line":40,"column":31},"end":{"line":40,"column":161}},"26":{"start":{"line":41,"column":6},"end":{"line":41,"column":36}},"27":{"start":{"line":42,"column":19},"end":{"line":42,"column":64}},"28":{"start":{"line":43,"column":6},"end":{"line":43,"column":65}},"29":{"start":{"line":46,"column":4},"end":{"line":46,"column":39}},"30":{"start":{"line":30,"column":13},"end":{"line":30,"column":31}},"31":{"start":{"line":50,"column":26},"end":{"line":63,"column":null}},"32":{"start":{"line":50,"column":83},"end":{"line":63,"column":null}},"33":{"start":{"line":51,"column":4},"end":{"line":62,"column":null}},"34":{"start":{"line":52,"column":22},"end":{"line":52,"column":40}},"35":{"start":{"line":53,"column":30},"end":{"line":53,"column":70}},"36":{"start":{"line":54,"column":6},"end":{"line":59,"column":null}},"37":{"start":{"line":55,"column":8},"end":{"line":55,"column":65}},"38":{"start":{"line":58,"column":8},"end":{"line":58,"column":63}},"39":{"start":{"line":61,"column":6},"end":{"line":61,"column":41}},"40":{"start":{"line":50,"column":13},"end":{"line":50,"column":26}},"41":{"start":{"line":65,"column":27},"end":{"line":78,"column":null}},"42":{"start":{"line":65,"column":84},"end":{"line":78,"column":null}},"43":{"start":{"line":66,"column":2},"end":{"line":77,"column":null}},"44":{"start":{"line":67,"column":20},"end":{"line":67,"column":49}},"45":{"start":{"line":68,"column":21},"end":{"line":68,"column":68}},"46":{"start":{"line":69,"column":4},"end":{"line":74,"column":null}},"47":{"start":{"line":70,"column":6},"end":{"line":70,"column":47}},"48":{"start":{"line":73,"column":6},"end":{"line":73,"column":55}},"49":{"start":{"line":76,"column":4},"end":{"line":76,"column":39}},"50":{"start":{"line":65,"column":13},"end":{"line":65,"column":27}},"51":{"start":{"line":80,"column":37},"end":{"line":95,"column":null}},"52":{"start":{"line":80,"column":94},"end":{"line":95,"column":null}},"53":{"start":{"line":81,"column":2},"end":{"line":94,"column":null}},"54":{"start":{"line":82,"column":20},"end":{"line":82,"column":48}},"55":{"start":{"line":83,"column":24},"end":{"line":83,"column":69}},"56":{"start":{"line":84,"column":21},"end":{"line":84,"column":63}},"57":{"start":{"line":85,"column":21},"end":{"line":85,"column":131}},"58":{"start":{"line":86,"column":4},"end":{"line":91,"column":null}},"59":{"start":{"line":87,"column":6},"end":{"line":87,"column":47}},"60":{"start":{"line":90,"column":6},"end":{"line":90,"column":55}},"61":{"start":{"line":93,"column":4},"end":{"line":93,"column":39}},"62":{"start":{"line":80,"column":13},"end":{"line":80,"column":37}},"63":{"start":{"line":97,"column":32},"end":{"line":110,"column":null}},"64":{"start":{"line":97,"column":89},"end":{"line":110,"column":null}},"65":{"start":{"line":98,"column":2},"end":{"line":109,"column":null}},"66":{"start":{"line":99,"column":19},"end":{"line":99,"column":34}},"67":{"start":{"line":100,"column":28},"end":{"line":100,"column":73}},"68":{"start":{"line":101,"column":4},"end":{"line":106,"column":null}},"69":{"start":{"line":102,"column":6},"end":{"line":102,"column":67}},"70":{"start":{"line":105,"column":6},"end":{"line":105,"column":61}},"71":{"start":{"line":108,"column":4},"end":{"line":108,"column":39}},"72":{"start":{"line":97,"column":13},"end":{"line":97,"column":32}},"73":{"start":{"line":112,"column":33},"end":{"line":125,"column":null}},"74":{"start":{"line":112,"column":90},"end":{"line":125,"column":null}},"75":{"start":{"line":113,"column":2},"end":{"line":124,"column":null}},"76":{"start":{"line":114,"column":19},"end":{"line":114,"column":34}},"77":{"start":{"line":115,"column":28},"end":{"line":115,"column":96}},"78":{"start":{"line":116,"column":4},"end":{"line":121,"column":null}},"79":{"start":{"line":117,"column":6},"end":{"line":117,"column":49}},"80":{"start":{"line":120,"column":6},"end":{"line":120,"column":62}},"81":{"start":{"line":123,"column":4},"end":{"line":123,"column":39}},"82":{"start":{"line":112,"column":13},"end":{"line":112,"column":33}},"83":{"start":{"line":127,"column":38},"end":{"line":141,"column":null}},"84":{"start":{"line":127,"column":95},"end":{"line":141,"column":null}},"85":{"start":{"line":128,"column":2},"end":{"line":140,"column":null}},"86":{"start":{"line":129,"column":19},"end":{"line":129,"column":34}},"87":{"start":{"line":130,"column":23},"end":{"line":130,"column":50}},"88":{"start":{"line":131,"column":28},"end":{"line":131,"column":120}},"89":{"start":{"line":132,"column":4},"end":{"line":137,"column":null}},"90":{"start":{"line":133,"column":6},"end":{"line":133,"column":49}},"91":{"start":{"line":136,"column":6},"end":{"line":136,"column":62}},"92":{"start":{"line":139,"column":4},"end":{"line":139,"column":39}},"93":{"start":{"line":127,"column":13},"end":{"line":127,"column":38}},"94":{"start":{"line":143,"column":36},"end":{"line":156,"column":null}},"95":{"start":{"line":143,"column":93},"end":{"line":156,"column":null}},"96":{"start":{"line":144,"column":2},"end":{"line":155,"column":null}},"97":{"start":{"line":145,"column":17},"end":{"line":145,"column":35}},"98":{"start":{"line":146,"column":28},"end":{"line":146,"column":67}},"99":{"start":{"line":147,"column":4},"end":{"line":152,"column":null}},"100":{"start":{"line":148,"column":6},"end":{"line":148,"column":49}},"101":{"start":{"line":151,"column":6},"end":{"line":151,"column":62}},"102":{"start":{"line":154,"column":4},"end":{"line":154,"column":39}},"103":{"start":{"line":143,"column":13},"end":{"line":143,"column":36}},"104":{"start":{"line":158,"column":40},"end":{"line":171,"column":null}},"105":{"start":{"line":158,"column":97},"end":{"line":171,"column":null}},"106":{"start":{"line":159,"column":2},"end":{"line":170,"column":null}},"107":{"start":{"line":160,"column":17},"end":{"line":160,"column":35}},"108":{"start":{"line":161,"column":28},"end":{"line":161,"column":67}},"109":{"start":{"line":162,"column":4},"end":{"line":167,"column":null}},"110":{"start":{"line":163,"column":6},"end":{"line":163,"column":49}},"111":{"start":{"line":166,"column":6},"end":{"line":166,"column":62}},"112":{"start":{"line":169,"column":4},"end":{"line":169,"column":39}},"113":{"start":{"line":158,"column":13},"end":{"line":158,"column":40}},"114":{"start":{"line":173,"column":35},"end":{"line":186,"column":null}},"115":{"start":{"line":173,"column":92},"end":{"line":186,"column":null}},"116":{"start":{"line":174,"column":2},"end":{"line":185,"column":null}},"117":{"start":{"line":175,"column":19},"end":{"line":175,"column":36}},"118":{"start":{"line":176,"column":28},"end":{"line":176,"column":71}},"119":{"start":{"line":177,"column":4},"end":{"line":182,"column":null}},"120":{"start":{"line":178,"column":6},"end":{"line":178,"column":49}},"121":{"start":{"line":181,"column":6},"end":{"line":181,"column":62}},"122":{"start":{"line":184,"column":4},"end":{"line":184,"column":39}},"123":{"start":{"line":173,"column":13},"end":{"line":173,"column":35}},"124":{"start":{"line":188,"column":34},"end":{"line":202,"column":null}},"125":{"start":{"line":188,"column":91},"end":{"line":202,"column":null}},"126":{"start":{"line":189,"column":2},"end":{"line":201,"column":null}},"127":{"start":{"line":190,"column":24},"end":{"line":190,"column":69}},"128":{"start":{"line":191,"column":21},"end":{"line":191,"column":63}},"129":{"start":{"line":192,"column":28},"end":{"line":192,"column":108}},"130":{"start":{"line":193,"column":4},"end":{"line":198,"column":null}},"131":{"start":{"line":194,"column":6},"end":{"line":194,"column":49}},"132":{"start":{"line":197,"column":6},"end":{"line":197,"column":62}},"133":{"start":{"line":200,"column":4},"end":{"line":200,"column":39}},"134":{"start":{"line":188,"column":13},"end":{"line":188,"column":34}},"135":{"start":{"line":204,"column":29},"end":{"line":221,"column":null}},"136":{"start":{"line":204,"column":86},"end":{"line":221,"column":null}},"137":{"start":{"line":205,"column":2},"end":{"line":220,"column":null}},"138":{"start":{"line":206,"column":27},"end":{"line":206,"column":52}},"139":{"start":{"line":207,"column":24},"end":{"line":207,"column":32}},"140":{"start":{"line":208,"column":28},"end":{"line":208,"column":81}},"141":{"start":{"line":209,"column":30},"end":{"line":209,"column":87}},"142":{"start":{"line":210,"column":4},"end":{"line":216,"column":null}},"143":{"start":{"line":211,"column":6},"end":{"line":211,"column":56}},"144":{"start":{"line":214,"column":6},"end":{"line":214,"column":null}},"145":{"start":{"line":215,"column":6},"end":{"line":215,"column":55}},"146":{"start":{"line":219,"column":4},"end":{"line":219,"column":39}},"147":{"start":{"line":204,"column":13},"end":{"line":204,"column":29}},"148":{"start":{"line":223,"column":26},"end":{"line":239,"column":null}},"149":{"start":{"line":223,"column":83},"end":{"line":239,"column":null}},"150":{"start":{"line":224,"column":2},"end":{"line":238,"column":null}},"151":{"start":{"line":225,"column":19},"end":{"line":225,"column":36}},"152":{"start":{"line":226,"column":24},"end":{"line":226,"column":32}},"153":{"start":{"line":227,"column":28},"end":{"line":227,"column":73}},"154":{"start":{"line":228,"column":4},"end":{"line":234,"column":null}},"155":{"start":{"line":229,"column":6},"end":{"line":229,"column":56}},"156":{"start":{"line":232,"column":6},"end":{"line":232,"column":null}},"157":{"start":{"line":233,"column":6},"end":{"line":233,"column":55}},"158":{"start":{"line":237,"column":4},"end":{"line":237,"column":39}},"159":{"start":{"line":223,"column":13},"end":{"line":223,"column":26}},"160":{"start":{"line":241,"column":31},"end":{"line":248,"column":null}},"161":{"start":{"line":241,"column":69},"end":{"line":248,"column":null}},"162":{"start":{"line":242,"column":2},"end":{"line":247,"column":null}},"163":{"start":{"line":243,"column":4},"end":{"line":243,"column":null}},"164":{"start":{"line":244,"column":4},"end":{"line":244,"column":49}},"165":{"start":{"line":246,"column":4},"end":{"line":246,"column":39}},"166":{"start":{"line":241,"column":13},"end":{"line":241,"column":31}},"167":{"start":{"line":250,"column":31},"end":{"line":256,"column":null}},"168":{"start":{"line":250,"column":69},"end":{"line":256,"column":null}},"169":{"start":{"line":251,"column":16},"end":{"line":251,"column":30}},"170":{"start":{"line":252,"column":20},"end":{"line":252,"column":156}},"171":{"start":{"line":253,"column":2},"end":{"line":253,"column":null}},"172":{"start":{"line":254,"column":16},"end":{"line":254,"column":38}},"173":{"start":{"line":255,"column":2},"end":{"line":255,"column":46}},"174":{"start":{"line":250,"column":13},"end":{"line":250,"column":31}}},"fnMap":{"0":{"name":"(anonymous_7)","decl":{"start":{"line":9,"column":28},"end":{"line":9,"column":35}},"loc":{"start":{"line":9,"column":85},"end":{"line":28,"column":null}}},"1":{"name":"(anonymous_8)","decl":{"start":{"line":9,"column":85},"end":{"line":9,"column":null}},"loc":{"start":{"line":9,"column":85},"end":{"line":28,"column":1}}},"2":{"name":"(anonymous_9)","decl":{"start":{"line":30,"column":31},"end":{"line":30,"column":38}},"loc":{"start":{"line":30,"column":88},"end":{"line":48,"column":null}}},"3":{"name":"(anonymous_10)","decl":{"start":{"line":30,"column":88},"end":{"line":30,"column":null}},"loc":{"start":{"line":30,"column":88},"end":{"line":48,"column":1}}},"4":{"name":"(anonymous_11)","decl":{"start":{"line":50,"column":26},"end":{"line":50,"column":33}},"loc":{"start":{"line":50,"column":83},"end":{"line":63,"column":null}}},"5":{"name":"(anonymous_12)","decl":{"start":{"line":50,"column":83},"end":{"line":50,"column":null}},"loc":{"start":{"line":50,"column":83},"end":{"line":63,"column":1}}},"6":{"name":"(anonymous_13)","decl":{"start":{"line":65,"column":27},"end":{"line":65,"column":34}},"loc":{"start":{"line":65,"column":84},"end":{"line":78,"column":null}}},"7":{"name":"(anonymous_14)","decl":{"start":{"line":65,"column":84},"end":{"line":65,"column":null}},"loc":{"start":{"line":65,"column":84},"end":{"line":78,"column":1}}},"8":{"name":"(anonymous_15)","decl":{"start":{"line":80,"column":37},"end":{"line":80,"column":44}},"loc":{"start":{"line":80,"column":94},"end":{"line":95,"column":null}}},"9":{"name":"(anonymous_16)","decl":{"start":{"line":80,"column":94},"end":{"line":80,"column":null}},"loc":{"start":{"line":80,"column":94},"end":{"line":95,"column":1}}},"10":{"name":"(anonymous_17)","decl":{"start":{"line":97,"column":32},"end":{"line":97,"column":39}},"loc":{"start":{"line":97,"column":89},"end":{"line":110,"column":null}}},"11":{"name":"(anonymous_18)","decl":{"start":{"line":97,"column":89},"end":{"line":97,"column":null}},"loc":{"start":{"line":97,"column":89},"end":{"line":110,"column":1}}},"12":{"name":"(anonymous_19)","decl":{"start":{"line":112,"column":33},"end":{"line":112,"column":40}},"loc":{"start":{"line":112,"column":90},"end":{"line":125,"column":null}}},"13":{"name":"(anonymous_20)","decl":{"start":{"line":112,"column":90},"end":{"line":112,"column":null}},"loc":{"start":{"line":112,"column":90},"end":{"line":125,"column":1}}},"14":{"name":"(anonymous_21)","decl":{"start":{"line":127,"column":38},"end":{"line":127,"column":45}},"loc":{"start":{"line":127,"column":95},"end":{"line":141,"column":null}}},"15":{"name":"(anonymous_22)","decl":{"start":{"line":127,"column":95},"end":{"line":127,"column":null}},"loc":{"start":{"line":127,"column":95},"end":{"line":141,"column":1}}},"16":{"name":"(anonymous_23)","decl":{"start":{"line":143,"column":36},"end":{"line":143,"column":43}},"loc":{"start":{"line":143,"column":93},"end":{"line":156,"column":null}}},"17":{"name":"(anonymous_24)","decl":{"start":{"line":143,"column":93},"end":{"line":143,"column":null}},"loc":{"start":{"line":143,"column":93},"end":{"line":156,"column":1}}},"18":{"name":"(anonymous_25)","decl":{"start":{"line":158,"column":40},"end":{"line":158,"column":47}},"loc":{"start":{"line":158,"column":97},"end":{"line":171,"column":null}}},"19":{"name":"(anonymous_26)","decl":{"start":{"line":158,"column":97},"end":{"line":158,"column":null}},"loc":{"start":{"line":158,"column":97},"end":{"line":171,"column":1}}},"20":{"name":"(anonymous_27)","decl":{"start":{"line":173,"column":35},"end":{"line":173,"column":42}},"loc":{"start":{"line":173,"column":92},"end":{"line":186,"column":null}}},"21":{"name":"(anonymous_28)","decl":{"start":{"line":173,"column":92},"end":{"line":173,"column":null}},"loc":{"start":{"line":173,"column":92},"end":{"line":186,"column":1}}},"22":{"name":"(anonymous_29)","decl":{"start":{"line":188,"column":34},"end":{"line":188,"column":41}},"loc":{"start":{"line":188,"column":91},"end":{"line":202,"column":null}}},"23":{"name":"(anonymous_30)","decl":{"start":{"line":188,"column":91},"end":{"line":188,"column":null}},"loc":{"start":{"line":188,"column":91},"end":{"line":202,"column":1}}},"24":{"name":"(anonymous_31)","decl":{"start":{"line":204,"column":29},"end":{"line":204,"column":36}},"loc":{"start":{"line":204,"column":86},"end":{"line":221,"column":null}}},"25":{"name":"(anonymous_32)","decl":{"start":{"line":204,"column":86},"end":{"line":204,"column":null}},"loc":{"start":{"line":204,"column":86},"end":{"line":221,"column":1}}},"26":{"name":"(anonymous_33)","decl":{"start":{"line":223,"column":26},"end":{"line":223,"column":33}},"loc":{"start":{"line":223,"column":83},"end":{"line":239,"column":null}}},"27":{"name":"(anonymous_34)","decl":{"start":{"line":223,"column":83},"end":{"line":223,"column":null}},"loc":{"start":{"line":223,"column":83},"end":{"line":239,"column":1}}},"28":{"name":"(anonymous_35)","decl":{"start":{"line":241,"column":31},"end":{"line":241,"column":38}},"loc":{"start":{"line":241,"column":69},"end":{"line":248,"column":null}}},"29":{"name":"(anonymous_36)","decl":{"start":{"line":241,"column":69},"end":{"line":241,"column":null}},"loc":{"start":{"line":241,"column":69},"end":{"line":248,"column":1}}},"30":{"name":"(anonymous_37)","decl":{"start":{"line":250,"column":31},"end":{"line":250,"column":38}},"loc":{"start":{"line":250,"column":69},"end":{"line":256,"column":null}}},"31":{"name":"(anonymous_38)","decl":{"start":{"line":250,"column":69},"end":{"line":250,"column":null}},"loc":{"start":{"line":250,"column":69},"end":{"line":256,"column":1}}}},"branchMap":{"0":{"loc":{"start":{"line":13,"column":4},"end":{"line":24,"column":null}},"type":"if","locations":[{"start":{"line":13,"column":4},"end":{"line":24,"column":null}},{"start":{"line":16,"column":8},"end":{"line":24,"column":null}}]},"1":{"loc":{"start":{"line":18,"column":6},"end":{"line":23,"column":null}},"type":"if","locations":[{"start":{"line":18,"column":6},"end":{"line":23,"column":null}},{"start":{"line":21,"column":10},"end":{"line":23,"column":null}}]},"2":{"loc":{"start":{"line":35,"column":4},"end":{"line":44,"column":null}},"type":"if","locations":[{"start":{"line":35,"column":4},"end":{"line":44,"column":null}},{"start":{"line":38,"column":8},"end":{"line":44,"column":null}}]},"3":{"loc":{"start":{"line":54,"column":6},"end":{"line":59,"column":null}},"type":"if","locations":[{"start":{"line":54,"column":6},"end":{"line":59,"column":null}},{"start":{"line":57,"column":10},"end":{"line":59,"column":null}}]},"4":{"loc":{"start":{"line":69,"column":4},"end":{"line":74,"column":null}},"type":"if","locations":[{"start":{"line":69,"column":4},"end":{"line":74,"column":null}},{"start":{"line":72,"column":8},"end":{"line":74,"column":null}}]},"5":{"loc":{"start":{"line":86,"column":4},"end":{"line":91,"column":null}},"type":"if","locations":[{"start":{"line":86,"column":4},"end":{"line":91,"column":null}},{"start":{"line":89,"column":8},"end":{"line":91,"column":null}}]},"6":{"loc":{"start":{"line":101,"column":4},"end":{"line":106,"column":null}},"type":"if","locations":[{"start":{"line":101,"column":4},"end":{"line":106,"column":null}},{"start":{"line":104,"column":8},"end":{"line":106,"column":null}}]},"7":{"loc":{"start":{"line":116,"column":4},"end":{"line":121,"column":null}},"type":"if","locations":[{"start":{"line":116,"column":4},"end":{"line":121,"column":null}},{"start":{"line":119,"column":8},"end":{"line":121,"column":null}}]},"8":{"loc":{"start":{"line":132,"column":4},"end":{"line":137,"column":null}},"type":"if","locations":[{"start":{"line":132,"column":4},"end":{"line":137,"column":null}},{"start":{"line":135,"column":8},"end":{"line":137,"column":null}}]},"9":{"loc":{"start":{"line":147,"column":4},"end":{"line":152,"column":null}},"type":"if","locations":[{"start":{"line":147,"column":4},"end":{"line":152,"column":null}},{"start":{"line":150,"column":8},"end":{"line":152,"column":null}}]},"10":{"loc":{"start":{"line":162,"column":4},"end":{"line":167,"column":null}},"type":"if","locations":[{"start":{"line":162,"column":4},"end":{"line":167,"column":null}},{"start":{"line":165,"column":8},"end":{"line":167,"column":null}}]},"11":{"loc":{"start":{"line":177,"column":4},"end":{"line":182,"column":null}},"type":"if","locations":[{"start":{"line":177,"column":4},"end":{"line":182,"column":null}},{"start":{"line":180,"column":8},"end":{"line":182,"column":null}}]},"12":{"loc":{"start":{"line":193,"column":4},"end":{"line":198,"column":null}},"type":"if","locations":[{"start":{"line":193,"column":4},"end":{"line":198,"column":null}},{"start":{"line":196,"column":8},"end":{"line":198,"column":null}}]},"13":{"loc":{"start":{"line":210,"column":4},"end":{"line":216,"column":null}},"type":"if","locations":[{"start":{"line":210,"column":4},"end":{"line":216,"column":null}},{"start":{"line":213,"column":8},"end":{"line":216,"column":null}}]},"14":{"loc":{"start":{"line":210,"column":7},"end":{"line":210,"column":74}},"type":"binary-expr","locations":[{"start":{"line":210,"column":7},"end":{"line":210,"column":33}},{"start":{"line":210,"column":37},"end":{"line":210,"column":74}}]},"15":{"loc":{"start":{"line":228,"column":4},"end":{"line":234,"column":null}},"type":"if","locations":[{"start":{"line":228,"column":4},"end":{"line":234,"column":null}},{"start":{"line":231,"column":8},"end":{"line":234,"column":null}}]}},"s":{"0":1,"1":1,"2":1,"3":1,"4":1,"5":3,"6":3,"7":3,"8":3,"9":3,"10":1,"11":2,"12":2,"13":1,"14":1,"15":0,"16":1,"17":1,"18":3,"19":3,"20":3,"21":3,"22":3,"23":1,"24":2,"25":2,"26":2,"27":2,"28":2,"29":0,"30":1,"31":1,"32":1,"33":1,"34":1,"35":1,"36":1,"37":0,"38":1,"39":0,"40":1,"41":1,"42":1,"43":1,"44":1,"45":1,"46":1,"47":0,"48":1,"49":0,"50":1,"51":1,"52":1,"53":1,"54":1,"55":1,"56":1,"57":1,"58":1,"59":0,"60":1,"61":0,"62":1,"63":1,"64":5,"65":5,"66":5,"67":5,"68":5,"69":1,"70":4,"71":0,"72":1,"73":1,"74":1,"75":1,"76":1,"77":1,"78":1,"79":0,"80":1,"81":0,"82":1,"83":1,"84":1,"85":1,"86":1,"87":1,"88":1,"89":1,"90":0,"91":1,"92":0,"93":1,"94":1,"95":2,"96":2,"97":2,"98":2,"99":2,"100":0,"101":2,"102":0,"103":1,"104":1,"105":1,"106":1,"107":1,"108":1,"109":1,"110":0,"111":1,"112":0,"113":1,"114":1,"115":1,"116":1,"117":1,"118":1,"119":1,"120":0,"121":1,"122":0,"123":1,"124":1,"125":1,"126":1,"127":1,"128":1,"129":1,"130":1,"131":0,"132":1,"133":0,"134":1,"135":1,"136":1,"137":1,"138":1,"139":1,"140":1,"141":1,"142":1,"143":0,"144":1,"145":1,"146":0,"147":1,"148":1,"149":1,"150":1,"151":1,"152":1,"153":1,"154":1,"155":0,"156":1,"157":1,"158":0,"159":1,"160":1,"161":3,"162":3,"163":3,"164":3,"165":0,"166":1,"167":1,"168":0,"169":0,"170":0,"171":0,"172":0,"173":0,"174":1},"f":{"0":3,"1":3,"2":3,"3":3,"4":1,"5":1,"6":1,"7":1,"8":1,"9":1,"10":5,"11":5,"12":1,"13":1,"14":1,"15":1,"16":2,"17":2,"18":1,"19":1,"20":1,"21":1,"22":1,"23":1,"24":1,"25":1,"26":1,"27":1,"28":3,"29":3,"30":0,"31":0},"b":{"0":[1,2],"1":[1,1],"2":[1,2],"3":[0,1],"4":[0,1],"5":[0,1],"6":[1,4],"7":[0,1],"8":[0,1],"9":[0,2],"10":[0,1],"11":[0,1],"12":[0,1],"13":[0,1],"14":[1,0],"15":[0,1]}}
}
