TN:
SF:..\controllers\cloudinaryController.ts
FN:13,(anonymous_7)
FN:13,(anonymous_8)
FN:23,(anonymous_9)
FN:23,(anonymous_10)
FNF:4
FNH:0
FNDA:0,(anonymous_7)
FNDA:0,(anonymous_8)
FNDA:0,(anonymous_9)
FNDA:0,(anonymous_10)
DA:3,1
DA:5,1
DA:7,1
DA:13,1
DA:14,0
DA:15,0
DA:16,0
DA:17,0
DA:19,0
DA:23,1
DA:24,0
DA:25,0
DA:26,0
DA:27,0
DA:29,0
DA:33,1
LF:16
LH:6
BRF:0
BRH:0
end_of_record
TN:
SF:..\controllers\comentarioController.ts
FN:5,(anonymous_7)
FN:5,(anonymous_8)
FN:17,(anonymous_9)
FN:17,(anonymous_10)
FN:29,(anonymous_11)
FN:29,(anonymous_12)
FN:39,(anonymous_13)
FN:39,(anonymous_14)
FN:49,(anonymous_15)
FN:49,(anonymous_16)
FNF:10
FNH:10
FNDA:1,(anonymous_7)
FNDA:1,(anonymous_8)
FNDA:1,(anonymous_9)
FNDA:1,(anonymous_10)
FNDA:3,(anonymous_11)
FNDA:3,(anonymous_12)
FNDA:1,(anonymous_13)
FNDA:1,(anonymous_14)
FNDA:1,(anonymous_15)
FNDA:1,(anonymous_16)
DA:3,1
DA:5,1
DA:6,1
DA:7,1
DA:8,1
DA:9,1
DA:10,1
DA:11,1
DA:13,0
DA:17,1
DA:18,1
DA:19,1
DA:20,1
DA:21,1
DA:22,1
DA:23,1
DA:25,0
DA:29,3
DA:30,3
DA:31,3
DA:32,3
DA:33,3
DA:35,0
DA:39,1
DA:40,1
DA:41,1
DA:42,1
DA:43,1
DA:45,0
DA:49,1
DA:50,1
DA:51,1
DA:52,1
DA:53,1
DA:55,0
DA:59,1
LF:36
LH:31
BRF:0
BRH:0
end_of_record
TN:
SF:..\controllers\publicacionController.ts
FN:7,(anonymous_7)
FN:7,(anonymous_8)
FN:29,(anonymous_9)
FN:29,(anonymous_10)
FN:50,(anonymous_11)
FN:50,(anonymous_12)
FN:60,(anonymous_13)
FN:60,(anonymous_14)
FN:73,(anonymous_15)
FN:73,(anonymous_16)
FN:91,(anonymous_17)
FN:91,(anonymous_18)
FN:111,(anonymous_19)
FN:111,(anonymous_20)
FN:129,(anonymous_21)
FN:129,(anonymous_22)
FNF:16
FNH:14
FNDA:6,(anonymous_7)
FNDA:6,(anonymous_8)
FNDA:2,(anonymous_9)
FNDA:2,(anonymous_10)
FNDA:1,(anonymous_11)
FNDA:1,(anonymous_12)
FNDA:1,(anonymous_13)
FNDA:1,(anonymous_14)
FNDA:0,(anonymous_15)
FNDA:0,(anonymous_16)
FNDA:1,(anonymous_17)
FNDA:1,(anonymous_18)
FNDA:1,(anonymous_19)
FNDA:1,(anonymous_20)
FNDA:1,(anonymous_21)
FNDA:1,(anonymous_22)
DA:3,1
DA:5,1
DA:7,6
DA:8,6
DA:9,6
DA:10,6
DA:12,6
DA:13,5
DA:15,1
DA:17,6
DA:18,0
DA:21,6
DA:24,0
DA:25,0
DA:29,2
DA:30,2
DA:31,2
DA:32,2
DA:33,2
DA:35,2
DA:36,1
DA:38,1
DA:39,2
DA:40,0
DA:43,2
DA:46,0
DA:50,1
DA:51,1
DA:52,1
DA:53,1
DA:54,1
DA:56,0
DA:60,1
DA:61,1
DA:62,1
DA:63,1
DA:64,1
DA:65,1
DA:66,1
DA:67,1
DA:69,0
DA:73,1
DA:74,0
DA:75,0
DA:76,0
DA:77,0
DA:78,0
DA:79,0
DA:82,0
DA:83,0
DA:87,0
DA:91,1
DA:92,1
DA:93,1
DA:94,1
DA:95,1
DA:96,1
DA:97,0
DA:98,1
DA:99,1
DA:100,1
DA:101,1
DA:104,0
DA:107,0
DA:111,1
DA:112,1
DA:113,1
DA:114,1
DA:115,1
DA:116,1
DA:117,0
DA:120,1
DA:121,1
DA:125,0
DA:129,1
DA:130,1
DA:132,1
DA:134,1
DA:135,1
DA:136,0
DA:139,1
DA:142,0
DA:143,0
DA:147,1
LF:84
LH:60
BRDA:12,0,0,5
BRDA:12,0,1,1
BRDA:17,1,0,0
BRDA:17,1,1,6
BRDA:35,2,0,1
BRDA:35,2,1,1
BRDA:39,3,0,0
BRDA:39,3,1,2
BRDA:78,4,0,0
BRDA:78,4,1,0
BRDA:96,5,0,0
BRDA:100,6,0,1
BRDA:100,6,1,0
BRDA:116,7,0,0
BRDA:116,7,1,1
BRDA:135,8,0,0
BRDA:135,8,1,1
BRF:17
BRH:9
end_of_record
TN:
SF:..\controllers\seguidorController.ts
FN:5,(anonymous_7)
FN:5,(anonymous_8)
FN:20,(anonymous_9)
FN:20,(anonymous_10)
FN:36,(anonymous_11)
FN:36,(anonymous_12)
FN:49,(anonymous_13)
FN:49,(anonymous_14)
FN:65,(anonymous_15)
FN:65,(anonymous_16)
FN:70,(anonymous_17)
FN:79,(anonymous_18)
FN:79,(anonymous_19)
FN:84,(anonymous_20)
FNF:14
FNH:14
FNDA:1,(anonymous_7)
FNDA:1,(anonymous_8)
FNDA:2,(anonymous_9)
FNDA:2,(anonymous_10)
FNDA:1,(anonymous_11)
FNDA:1,(anonymous_12)
FNDA:1,(anonymous_13)
FNDA:1,(anonymous_14)
FNDA:1,(anonymous_15)
FNDA:1,(anonymous_16)
FNDA:1,(anonymous_17)
FNDA:2,(anonymous_18)
FNDA:2,(anonymous_19)
FNDA:3,(anonymous_20)
DA:3,1
DA:5,1
DA:6,1
DA:7,1
DA:8,1
DA:9,1
DA:10,0
DA:13,1
DA:16,0
DA:20,2
DA:21,2
DA:22,2
DA:23,2
DA:24,2
DA:25,2
DA:26,1
DA:29,1
DA:32,0
DA:36,1
DA:37,1
DA:38,1
DA:39,1
DA:40,1
DA:41,1
DA:42,1
DA:43,1
DA:45,0
DA:49,1
DA:50,1
DA:51,1
DA:52,1
DA:53,1
DA:54,1
DA:55,1
DA:58,0
DA:61,0
DA:65,1
DA:66,1
DA:67,1
DA:68,1
DA:69,1
DA:70,1
DA:71,1
DA:73,1
DA:75,0
DA:79,2
DA:80,2
DA:81,2
DA:82,2
DA:83,2
DA:84,2
DA:85,3
DA:87,2
DA:89,0
DA:93,1
LF:55
LH:47
BRDA:9,0,0,0
BRDA:9,0,1,1
BRDA:25,1,0,1
BRDA:25,1,1,1
BRDA:54,2,0,1
BRDA:54,2,1,0
BRF:6
BRH:4
end_of_record
TN:
SF:..\controllers\spotifyController.ts
FN:12,(anonymous_7)
FN:12,(anonymous_8)
FN:14,(anonymous_9)
FN:17,(anonymous_10)
FN:23,(anonymous_11)
FN:23,(anonymous_12)
FN:34,(anonymous_13)
FN:34,(anonymous_14)
FN:45,(anonymous_15)
FN:45,(anonymous_16)
FN:57,(anonymous_17)
FN:57,(anonymous_18)
FNF:12
FNH:0
FNDA:0,(anonymous_7)
FNDA:0,(anonymous_8)
FNDA:0,(anonymous_9)
FNDA:0,(anonymous_10)
FNDA:0,(anonymous_11)
FNDA:0,(anonymous_12)
FNDA:0,(anonymous_13)
FNDA:0,(anonymous_14)
FNDA:0,(anonymous_15)
FNDA:0,(anonymous_16)
FNDA:0,(anonymous_17)
FNDA:0,(anonymous_18)
DA:3,1
DA:5,1
DA:7,1
DA:12,1
DA:13,0
DA:15,0
DA:18,0
DA:23,1
DA:24,0
DA:25,0
DA:26,0
DA:27,0
DA:28,0
DA:30,0
DA:34,1
DA:35,0
DA:36,0
DA:37,0
DA:38,0
DA:39,0
DA:41,0
DA:45,1
DA:46,0
DA:47,0
DA:48,0
DA:49,0
DA:50,0
DA:51,0
DA:53,0
DA:57,1
DA:58,0
DA:59,0
DA:60,0
DA:61,0
DA:62,0
DA:64,0
DA:68,1
LF:37
LH:9
BRF:0
BRH:0
end_of_record
TN:
SF:..\controllers\usuarioController.ts
FN:6,(anonymous_7)
FN:6,(anonymous_8)
FN:27,(anonymous_9)
FN:27,(anonymous_10)
FN:47,(anonymous_11)
FN:47,(anonymous_12)
FN:62,(anonymous_13)
FN:62,(anonymous_14)
FN:77,(anonymous_15)
FN:77,(anonymous_16)
FN:94,(anonymous_17)
FN:94,(anonymous_18)
FN:109,(anonymous_19)
FN:109,(anonymous_20)
FN:124,(anonymous_21)
FN:124,(anonymous_22)
FN:140,(anonymous_23)
FN:140,(anonymous_24)
FN:155,(anonymous_25)
FN:155,(anonymous_26)
FN:170,(anonymous_27)
FN:170,(anonymous_28)
FN:185,(anonymous_29)
FN:185,(anonymous_30)
FN:201,(anonymous_31)
FN:201,(anonymous_32)
FN:220,(anonymous_33)
FN:220,(anonymous_34)
FN:238,(anonymous_35)
FN:238,(anonymous_36)
FNF:30
FNH:30
FNDA:3,(anonymous_7)
FNDA:3,(anonymous_8)
FNDA:2,(anonymous_9)
FNDA:2,(anonymous_10)
FNDA:1,(anonymous_11)
FNDA:1,(anonymous_12)
FNDA:1,(anonymous_13)
FNDA:1,(anonymous_14)
FNDA:1,(anonymous_15)
FNDA:1,(anonymous_16)
FNDA:2,(anonymous_17)
FNDA:2,(anonymous_18)
FNDA:1,(anonymous_19)
FNDA:1,(anonymous_20)
FNDA:1,(anonymous_21)
FNDA:1,(anonymous_22)
FNDA:2,(anonymous_23)
FNDA:2,(anonymous_24)
FNDA:1,(anonymous_25)
FNDA:1,(anonymous_26)
FNDA:1,(anonymous_27)
FNDA:1,(anonymous_28)
FNDA:1,(anonymous_29)
FNDA:1,(anonymous_30)
FNDA:1,(anonymous_31)
FNDA:1,(anonymous_32)
FNDA:1,(anonymous_33)
FNDA:1,(anonymous_34)
FNDA:1,(anonymous_35)
FNDA:1,(anonymous_36)
DA:3,1
DA:4,1
DA:6,3
DA:7,3
DA:8,3
DA:9,3
DA:10,3
DA:11,1
DA:14,2
DA:15,2
DA:16,1
DA:19,1
DA:23,0
DA:27,2
DA:28,2
DA:29,2
DA:31,2
DA:32,2
DA:33,1
DA:36,1
DA:37,1
DA:38,1
DA:39,1
DA:40,1
DA:43,0
DA:47,1
DA:48,1
DA:49,1
DA:50,1
DA:51,1
DA:52,0
DA:55,1
DA:58,0
DA:62,1
DA:63,1
DA:64,1
DA:65,1
DA:66,1
DA:67,0
DA:70,1
DA:73,0
DA:77,1
DA:78,1
DA:79,1
DA:80,1
DA:81,1
DA:82,1
DA:83,1
DA:84,0
DA:87,1
DA:90,0
DA:94,2
DA:95,2
DA:96,2
DA:97,2
DA:98,2
DA:99,0
DA:102,2
DA:105,0
DA:109,1
DA:110,1
DA:111,1
DA:112,1
DA:113,1
DA:114,0
DA:117,1
DA:120,0
DA:124,1
DA:125,1
DA:126,1
DA:127,1
DA:128,1
DA:129,1
DA:130,0
DA:133,1
DA:136,0
DA:140,2
DA:141,2
DA:142,2
DA:143,2
DA:144,2
DA:145,0
DA:148,2
DA:151,0
DA:155,1
DA:156,1
DA:157,1
DA:158,1
DA:159,1
DA:160,0
DA:163,1
DA:166,0
DA:170,1
DA:171,1
DA:172,1
DA:173,1
DA:174,1
DA:175,0
DA:178,1
DA:181,0
DA:185,1
DA:186,1
DA:187,1
DA:188,1
DA:189,1
DA:190,1
DA:191,0
DA:194,1
DA:197,0
DA:201,1
DA:202,1
DA:203,1
DA:204,1
DA:205,1
DA:206,1
DA:207,1
DA:208,0
DA:211,1
DA:212,1
DA:216,0
DA:220,1
DA:221,1
DA:222,1
DA:223,1
DA:224,1
DA:225,1
DA:226,0
DA:229,1
DA:230,1
DA:234,0
DA:238,1
DA:239,1
DA:241,1
LF:133
LH:107
BRDA:10,0,0,1
BRDA:10,0,1,2
BRDA:15,1,0,1
BRDA:15,1,1,1
BRDA:32,2,0,1
BRDA:32,2,1,1
BRDA:51,3,0,0
BRDA:51,3,1,1
BRDA:66,4,0,0
BRDA:66,4,1,1
BRDA:83,5,0,0
BRDA:83,5,1,1
BRDA:98,6,0,0
BRDA:98,6,1,2
BRDA:113,7,0,0
BRDA:113,7,1,1
BRDA:129,8,0,0
BRDA:129,8,1,1
BRDA:144,9,0,0
BRDA:144,9,1,2
BRDA:159,10,0,0
BRDA:159,10,1,1
BRDA:174,11,0,0
BRDA:174,11,1,1
BRDA:190,12,0,0
BRDA:190,12,1,1
BRDA:207,13,0,0
BRDA:207,13,1,1
BRDA:207,14,0,1
BRDA:207,14,1,0
BRDA:225,15,0,0
BRDA:225,15,1,1
BRF:32
BRH:19
end_of_record
