TN:
SF:..\controllers\cloudinaryController.ts
FN:13,(anonymous_7)
FN:13,(anonymous_8)
FN:23,(anonymous_9)
FN:23,(anonymous_10)
FNF:4
FNH:0
FNDA:0,(anonymous_7)
FNDA:0,(anonymous_8)
FNDA:0,(anonymous_9)
FNDA:0,(anonymous_10)
DA:3,1
DA:5,1
DA:7,1
DA:13,1
DA:14,0
DA:15,0
DA:16,0
DA:17,0
DA:19,0
DA:23,1
DA:24,0
DA:25,0
DA:26,0
DA:27,0
DA:29,0
DA:33,1
LF:16
LH:6
BRF:0
BRH:0
end_of_record
TN:
SF:..\controllers\comentarioController.ts
FN:5,(anonymous_7)
FN:5,(anonymous_8)
FN:17,(anonymous_9)
FN:17,(anonymous_10)
FN:29,(anonymous_11)
FN:29,(anonymous_12)
FN:39,(anonymous_13)
FN:39,(anonymous_14)
FN:49,(anonymous_15)
FN:49,(anonymous_16)
FN:59,(anonymous_17)
FN:59,(anonymous_18)
FN:65,(anonymous_19)
FN:73,(anonymous_20)
FN:73,(anonymous_21)
FNF:15
FNH:13
FNDA:2,(anonymous_7)
FNDA:2,(anonymous_8)
FNDA:1,(anonymous_9)
FNDA:1,(anonymous_10)
FNDA:4,(anonymous_11)
FNDA:4,(anonymous_12)
FNDA:1,(anonymous_13)
FNDA:1,(anonymous_14)
FNDA:1,(anonymous_15)
FNDA:1,(anonymous_16)
FNDA:1,(anonymous_17)
FNDA:1,(anonymous_18)
FNDA:1,(anonymous_19)
FNDA:0,(anonymous_20)
FNDA:0,(anonymous_21)
DA:3,1
DA:5,2
DA:6,2
DA:7,2
DA:8,2
DA:9,2
DA:10,2
DA:11,2
DA:13,0
DA:17,1
DA:18,1
DA:19,1
DA:20,1
DA:21,1
DA:22,1
DA:23,1
DA:25,0
DA:29,4
DA:30,4
DA:31,4
DA:32,4
DA:33,4
DA:35,0
DA:39,1
DA:40,1
DA:41,1
DA:42,1
DA:43,1
DA:45,0
DA:49,1
DA:50,1
DA:51,1
DA:52,1
DA:53,1
DA:55,0
DA:59,1
DA:60,1
DA:61,1
DA:62,1
DA:63,1
DA:64,1
DA:65,1
DA:66,1
DA:67,1
DA:69,0
DA:73,1
DA:74,0
DA:75,0
DA:76,0
DA:77,0
DA:78,0
DA:80,0
DA:84,1
LF:53
LH:41
BRF:0
BRH:0
end_of_record
TN:
SF:..\controllers\publicacionController.ts
FN:7,(anonymous_7)
FN:7,(anonymous_8)
FN:29,(anonymous_9)
FN:29,(anonymous_10)
FN:50,(anonymous_11)
FN:50,(anonymous_12)
FN:60,(anonymous_13)
FN:60,(anonymous_14)
FN:73,(anonymous_15)
FN:73,(anonymous_16)
FN:91,(anonymous_17)
FN:91,(anonymous_18)
FN:111,(anonymous_19)
FN:111,(anonymous_20)
FN:121,(anonymous_21)
FN:121,(anonymous_22)
FN:139,(anonymous_23)
FN:139,(anonymous_24)
FNF:18
FNH:16
FNDA:7,(anonymous_7)
FNDA:7,(anonymous_8)
FNDA:2,(anonymous_9)
FNDA:2,(anonymous_10)
FNDA:1,(anonymous_11)
FNDA:1,(anonymous_12)
FNDA:2,(anonymous_13)
FNDA:2,(anonymous_14)
FNDA:0,(anonymous_15)
FNDA:0,(anonymous_16)
FNDA:1,(anonymous_17)
FNDA:1,(anonymous_18)
FNDA:1,(anonymous_19)
FNDA:1,(anonymous_20)
FNDA:1,(anonymous_21)
FNDA:1,(anonymous_22)
FNDA:1,(anonymous_23)
FNDA:1,(anonymous_24)
DA:3,1
DA:5,1
DA:7,7
DA:8,7
DA:9,7
DA:10,7
DA:12,7
DA:13,6
DA:15,1
DA:17,7
DA:18,0
DA:21,7
DA:24,0
DA:25,0
DA:29,2
DA:30,2
DA:31,2
DA:32,2
DA:33,2
DA:35,2
DA:36,1
DA:38,1
DA:39,2
DA:40,0
DA:43,2
DA:46,0
DA:50,1
DA:51,1
DA:52,1
DA:53,1
DA:54,1
DA:56,0
DA:60,2
DA:61,2
DA:62,2
DA:63,2
DA:64,2
DA:65,2
DA:66,2
DA:67,2
DA:69,0
DA:73,1
DA:74,0
DA:75,0
DA:76,0
DA:77,0
DA:78,0
DA:79,0
DA:82,0
DA:83,0
DA:87,0
DA:91,1
DA:92,1
DA:93,1
DA:94,1
DA:95,1
DA:96,1
DA:97,0
DA:98,1
DA:99,1
DA:100,1
DA:101,1
DA:104,0
DA:107,0
DA:111,1
DA:112,1
DA:113,1
DA:114,1
DA:115,1
DA:117,0
DA:121,1
DA:122,1
DA:123,1
DA:124,1
DA:125,1
DA:126,1
DA:127,0
DA:130,1
DA:131,1
DA:135,0
DA:139,1
DA:140,1
DA:142,1
DA:144,1
DA:145,1
DA:146,0
DA:149,1
DA:152,0
DA:153,0
DA:157,1
LF:90
LH:65
BRDA:12,0,0,6
BRDA:12,0,1,1
BRDA:17,1,0,0
BRDA:17,1,1,7
BRDA:35,2,0,1
BRDA:35,2,1,1
BRDA:39,3,0,0
BRDA:39,3,1,2
BRDA:78,4,0,0
BRDA:78,4,1,0
BRDA:96,5,0,0
BRDA:100,6,0,1
BRDA:100,6,1,0
BRDA:126,7,0,0
BRDA:126,7,1,1
BRDA:145,8,0,0
BRDA:145,8,1,1
BRF:17
BRH:9
end_of_record
TN:
SF:..\controllers\seguidorController.ts
FN:5,(anonymous_7)
FN:5,(anonymous_8)
FN:20,(anonymous_9)
FN:20,(anonymous_10)
FN:36,(anonymous_11)
FN:36,(anonymous_12)
FN:49,(anonymous_13)
FN:49,(anonymous_14)
FN:65,(anonymous_15)
FN:65,(anonymous_16)
FN:70,(anonymous_17)
FN:79,(anonymous_18)
FN:79,(anonymous_19)
FN:84,(anonymous_20)
FN:93,(anonymous_21)
FN:93,(anonymous_22)
FNF:16
FNH:16
FNDA:1,(anonymous_7)
FNDA:1,(anonymous_8)
FNDA:2,(anonymous_9)
FNDA:2,(anonymous_10)
FNDA:2,(anonymous_11)
FNDA:2,(anonymous_12)
FNDA:1,(anonymous_13)
FNDA:1,(anonymous_14)
FNDA:1,(anonymous_15)
FNDA:1,(anonymous_16)
FNDA:1,(anonymous_17)
FNDA:2,(anonymous_18)
FNDA:2,(anonymous_19)
FNDA:3,(anonymous_20)
FNDA:1,(anonymous_21)
FNDA:1,(anonymous_22)
DA:3,1
DA:5,1
DA:6,1
DA:7,1
DA:8,1
DA:9,1
DA:10,0
DA:13,1
DA:16,0
DA:20,2
DA:21,2
DA:22,2
DA:23,2
DA:24,2
DA:25,2
DA:26,1
DA:29,1
DA:32,0
DA:36,2
DA:37,2
DA:38,2
DA:39,2
DA:40,2
DA:41,2
DA:42,2
DA:43,2
DA:45,0
DA:49,1
DA:50,1
DA:51,1
DA:52,1
DA:53,1
DA:54,1
DA:55,1
DA:58,0
DA:61,0
DA:65,1
DA:66,1
DA:67,1
DA:68,1
DA:69,1
DA:70,1
DA:71,1
DA:73,1
DA:75,0
DA:79,2
DA:80,2
DA:81,2
DA:82,2
DA:83,2
DA:84,2
DA:85,3
DA:87,2
DA:89,0
DA:93,1
DA:94,1
DA:95,1
DA:96,1
DA:97,1
DA:98,1
DA:100,0
DA:101,0
DA:105,1
LF:63
LH:53
BRDA:9,0,0,0
BRDA:9,0,1,1
BRDA:25,1,0,1
BRDA:25,1,1,1
BRDA:54,2,0,1
BRDA:54,2,1,0
BRF:6
BRH:4
end_of_record
TN:
SF:..\controllers\spotifyController.ts
FN:12,(anonymous_7)
FN:12,(anonymous_8)
FN:14,(anonymous_9)
FN:17,(anonymous_10)
FN:23,(anonymous_11)
FN:23,(anonymous_12)
FN:37,(anonymous_13)
FN:37,(anonymous_14)
FN:48,(anonymous_15)
FN:48,(anonymous_16)
FN:60,(anonymous_17)
FN:60,(anonymous_18)
FNF:12
FNH:3
FNDA:1,(anonymous_7)
FNDA:1,(anonymous_8)
FNDA:0,(anonymous_9)
FNDA:1,(anonymous_10)
FNDA:0,(anonymous_11)
FNDA:0,(anonymous_12)
FNDA:0,(anonymous_13)
FNDA:0,(anonymous_14)
FNDA:0,(anonymous_15)
FNDA:0,(anonymous_16)
FNDA:0,(anonymous_17)
FNDA:0,(anonymous_18)
DA:3,1
DA:5,1
DA:7,1
DA:12,1
DA:13,1
DA:15,0
DA:18,1
DA:23,1
DA:24,0
DA:25,0
DA:26,0
DA:27,0
DA:29,0
DA:30,0
DA:31,0
DA:33,0
DA:37,1
DA:38,0
DA:40,0
DA:41,0
DA:42,0
DA:44,0
DA:48,1
DA:49,0
DA:51,0
DA:52,0
DA:53,0
DA:54,0
DA:56,0
DA:60,1
DA:61,0
DA:63,0
DA:64,0
DA:65,0
DA:67,0
DA:71,1
DA:73,1
LF:37
LH:12
BRDA:29,0,0,0
BRF:1
BRH:0
end_of_record
TN:
SF:..\controllers\usuarioController.ts
FN:9,(anonymous_7)
FN:9,(anonymous_8)
FN:30,(anonymous_9)
FN:30,(anonymous_10)
FN:50,(anonymous_11)
FN:50,(anonymous_12)
FN:65,(anonymous_13)
FN:65,(anonymous_14)
FN:80,(anonymous_15)
FN:80,(anonymous_16)
FN:97,(anonymous_17)
FN:97,(anonymous_18)
FN:112,(anonymous_19)
FN:112,(anonymous_20)
FN:127,(anonymous_21)
FN:127,(anonymous_22)
FN:143,(anonymous_23)
FN:143,(anonymous_24)
FN:158,(anonymous_25)
FN:158,(anonymous_26)
FN:173,(anonymous_27)
FN:173,(anonymous_28)
FN:188,(anonymous_29)
FN:188,(anonymous_30)
FN:204,(anonymous_31)
FN:204,(anonymous_32)
FN:223,(anonymous_33)
FN:223,(anonymous_34)
FN:241,(anonymous_35)
FN:241,(anonymous_36)
FN:250,(anonymous_37)
FN:250,(anonymous_38)
FNF:32
FNH:30
FNDA:3,(anonymous_7)
FNDA:3,(anonymous_8)
FNDA:3,(anonymous_9)
FNDA:3,(anonymous_10)
FNDA:1,(anonymous_11)
FNDA:1,(anonymous_12)
FNDA:1,(anonymous_13)
FNDA:1,(anonymous_14)
FNDA:1,(anonymous_15)
FNDA:1,(anonymous_16)
FNDA:5,(anonymous_17)
FNDA:5,(anonymous_18)
FNDA:1,(anonymous_19)
FNDA:1,(anonymous_20)
FNDA:1,(anonymous_21)
FNDA:1,(anonymous_22)
FNDA:2,(anonymous_23)
FNDA:2,(anonymous_24)
FNDA:1,(anonymous_25)
FNDA:1,(anonymous_26)
FNDA:1,(anonymous_27)
FNDA:1,(anonymous_28)
FNDA:1,(anonymous_29)
FNDA:1,(anonymous_30)
FNDA:1,(anonymous_31)
FNDA:1,(anonymous_32)
FNDA:1,(anonymous_33)
FNDA:1,(anonymous_34)
FNDA:3,(anonymous_35)
FNDA:3,(anonymous_36)
FNDA:0,(anonymous_37)
FNDA:0,(anonymous_38)
DA:3,1
DA:4,1
DA:5,1
DA:7,1
DA:9,3
DA:10,3
DA:11,3
DA:12,3
DA:13,3
DA:14,1
DA:17,2
DA:18,2
DA:19,1
DA:22,1
DA:26,0
DA:30,3
DA:31,3
DA:32,3
DA:34,3
DA:35,3
DA:36,1
DA:39,2
DA:40,2
DA:41,2
DA:42,2
DA:43,2
DA:46,0
DA:50,1
DA:51,1
DA:52,1
DA:53,1
DA:54,1
DA:55,0
DA:58,1
DA:61,0
DA:65,1
DA:66,1
DA:67,1
DA:68,1
DA:69,1
DA:70,0
DA:73,1
DA:76,0
DA:80,1
DA:81,1
DA:82,1
DA:83,1
DA:84,1
DA:85,1
DA:86,1
DA:87,0
DA:90,1
DA:93,0
DA:97,5
DA:98,5
DA:99,5
DA:100,5
DA:101,5
DA:102,1
DA:105,4
DA:108,0
DA:112,1
DA:113,1
DA:114,1
DA:115,1
DA:116,1
DA:117,0
DA:120,1
DA:123,0
DA:127,1
DA:128,1
DA:129,1
DA:130,1
DA:131,1
DA:132,1
DA:133,0
DA:136,1
DA:139,0
DA:143,2
DA:144,2
DA:145,2
DA:146,2
DA:147,2
DA:148,0
DA:151,2
DA:154,0
DA:158,1
DA:159,1
DA:160,1
DA:161,1
DA:162,1
DA:163,0
DA:166,1
DA:169,0
DA:173,1
DA:174,1
DA:175,1
DA:176,1
DA:177,1
DA:178,0
DA:181,1
DA:184,0
DA:188,1
DA:189,1
DA:190,1
DA:191,1
DA:192,1
DA:193,1
DA:194,0
DA:197,1
DA:200,0
DA:204,1
DA:205,1
DA:206,1
DA:207,1
DA:208,1
DA:209,1
DA:210,1
DA:211,0
DA:214,1
DA:215,1
DA:219,0
DA:223,1
DA:224,1
DA:225,1
DA:226,1
DA:227,1
DA:228,1
DA:229,0
DA:232,1
DA:233,1
DA:237,0
DA:241,3
DA:242,3
DA:243,3
DA:244,3
DA:246,0
DA:250,1
DA:251,0
DA:252,0
DA:253,0
DA:254,0
DA:255,0
LF:143
LH:112
BRDA:13,0,0,1
BRDA:13,0,1,2
BRDA:18,1,0,1
BRDA:18,1,1,1
BRDA:35,2,0,1
BRDA:35,2,1,2
BRDA:54,3,0,0
BRDA:54,3,1,1
BRDA:69,4,0,0
BRDA:69,4,1,1
BRDA:86,5,0,0
BRDA:86,5,1,1
BRDA:101,6,0,1
BRDA:101,6,1,4
BRDA:116,7,0,0
BRDA:116,7,1,1
BRDA:132,8,0,0
BRDA:132,8,1,1
BRDA:147,9,0,0
BRDA:147,9,1,2
BRDA:162,10,0,0
BRDA:162,10,1,1
BRDA:177,11,0,0
BRDA:177,11,1,1
BRDA:193,12,0,0
BRDA:193,12,1,1
BRDA:210,13,0,0
BRDA:210,13,1,1
BRDA:210,14,0,1
BRDA:210,14,1,0
BRDA:228,15,0,0
BRDA:228,15,1,1
BRF:32
BRH:20
end_of_record
